2023-08-26 06:23:58.889 [info] [Info  - 6:23:57 AM] (2331) Pylance language server 2023.8.40 (pyright 03f79a81) starting
2023-08-26 06:23:58.912 [info] [Info  - 6:23:58 AM] (2331) Server root directory: /root/.vscode-server/extensions/ms-python.vscode-pylance-2023.8.40/dist
2023-08-26 06:23:58.914 [info] [Info  - 6:23:58 AM] (2331) Starting service instance "root"
2023-08-26 06:23:59.121 [info] [Info  - 6:23:59 AM] (2331) Setting pythonPath for service "root": "/usr/local/bin/python"
2023-08-26 06:23:59.142 [info] [Warn  - 6:23:59 AM] (2331) stubPath /root/typings is not a valid directory.
2023-08-26 06:23:59.147 [info] [Info  - 6:23:59 AM] (2331) Assuming Python version 3.11
2023-08-26 06:24:00.985 [info] [Info  - 6:24:00 AM] (2331) No source files found.
2023-08-26 06:24:08.851 [info] [Info  - 6:24:08 AM] (2331) [BG(1)] Long operation: parsing: /root/source_code/Car_Price_Prediction.ipynb:pylance-notebook-cell:W1sdnNjb2RlLXJlbW90ZQ==.py (5389ms)
2023-08-26 06:24:13.276 [info] [Info  - 6:24:13 AM] (2331) [BG(1)] Long operation: getSemanticTokens full at /root/source_code/Car_Price_Prediction.ipynb:pylance-notebook-cell:W1sdnNjb2RlLXJlbW90ZQ==.py (9815ms)
2023-08-26 06:24:19.959 [info] [Info  - 6:24:19 AM] (2331) [BG(1)] Long operation: parsing: /root/.vscode-server/extensions/ms-python.vscode-pylance-2023.8.40/dist/bundled/stubs/sklearn/utils/__init__.pyi (2608ms)
2023-08-26 06:24:20.174 [info] [Info  - 6:24:20 AM] (2331) [BG(1)] Long operation: checking: /root/source_code/Car_Price_Prediction.ipynb:pylance-notebook-cell:Y205sdnNjb2RlLXJlbW90ZQ==.py (5356ms)
2023-08-26 06:24:20.175 [info] [Info  - 6:24:20 AM] (2331) [BG(1)] Long operation: analyzing: /root/source_code/Car_Price_Prediction.ipynb:pylance-notebook-cell:Y205sdnNjb2RlLXJlbW90ZQ==.py (6073ms)
2023-08-26 06:24:26.171 [info] [Info  - 6:24:26 AM] (2331) [BG(1)] Long operation: binding: /usr/local/lib/python3.11/site-packages/scipy/sparse/__init__.py (2197ms)
2023-08-26 06:24:30.273 [info] [Info  - 6:24:30 AM] (2331) [BG(1)] Long operation: checking: /root/source_code/Car_Price_Prediction.ipynb:pylance-notebook-cell:Y202sdnNjb2RlLXJlbW90ZQ==.py (10096ms)
2023-08-26 06:24:30.297 [info] [Info  - 6:24:30 AM] (2331) [BG(1)] Long operation: analyzing: /root/source_code/Car_Price_Prediction.ipynb:pylance-notebook-cell:Y202sdnNjb2RlLXJlbW90ZQ==.py (10096ms)
2023-08-26 06:24:34.150 [info] [Info  - 6:24:34 AM] (2331) [BG(1)] Long operation: parsing: /root/.vscode-server/extensions/ms-python.vscode-pylance-2023.8.40/dist/bundled/stubs/sklearn/neighbors/_base.pyi (2129ms)
2023-08-26 06:24:34.531 [info] [Info  - 6:24:34 AM] (2331) [BG(1)] Long operation: checking: /root/source_code/Car_Price_Prediction.ipynb:pylance-notebook-cell:Y201sdnNjb2RlLXJlbW90ZQ==.py (4256ms)
2023-08-26 06:24:34.535 [info] [Info  - 6:24:34 AM] (2331) [BG(1)] Long operation: analyzing: /root/source_code/Car_Price_Prediction.ipynb:pylance-notebook-cell:Y201sdnNjb2RlLXJlbW90ZQ==.py (4256ms)
2023-08-26 06:24:40.475 [info] [Info  - 6:24:40 AM] (2331) [BG(1)] Long operation: parsing: /usr/local/lib/python3.11/site-packages/ppscore/calculation.py (2372ms)
2023-08-26 06:24:44.704 [info] [Info  - 6:24:44 AM] (2331) [BG(1)] Long operation: checking: /root/source_code/Car_Price_Prediction.ipynb:pylance-notebook-cell:Y121sdnNjb2RlLXJlbW90ZQ==.py (6710ms)
2023-08-26 06:24:44.707 [info] [Info  - 6:24:44 AM] (2331) [BG(1)] Long operation: analyzing: /root/source_code/Car_Price_Prediction.ipynb:pylance-notebook-cell:Y121sdnNjb2RlLXJlbW90ZQ==.py (6716ms)
2023-08-26 06:24:46.583 [info] [Info  - 6:24:46 AM] (2331) [IDX(2)] Long operation: scan packages /root (41993ms)
2023-08-26 06:24:50.974 [info] [Info  - 6:24:50 AM] (2331) [BG(1)] Long operation: checking: /root/source_code/Car_Price_Prediction.ipynb:pylance-notebook-cell:Y106sdnNjb2RlLXJlbW90ZQ==.py (3502ms)
2023-08-26 06:24:50.980 [info] [Info  - 6:24:50 AM] (2331) [BG(1)] Long operation: analyzing: /root/source_code/Car_Price_Prediction.ipynb:pylance-notebook-cell:Y106sdnNjb2RlLXJlbW90ZQ==.py (3503ms)
2023-08-26 06:24:51.721 [info] [Info  - 6:24:51 AM] (2331) [BG(1)] Long operation: checking: /root/source_code/Car_Price_Prediction.ipynb:pylance-notebook-cell:X55sdnNjb2RlLXJlbW90ZQ==.py (2455ms)
2023-08-26 06:24:51.723 [info] [Info  - 6:24:51 AM] (2331) [BG(1)] Long operation: analyzing: /root/source_code/Car_Price_Prediction.ipynb:pylance-notebook-cell:X55sdnNjb2RlLXJlbW90ZQ==.py (2455ms)
2023-08-26 06:24:53.713 [info] [Info  - 6:24:53 AM] (2331) [BG(1)] Long operation: analyzing: /root/source_code/Car_Price_Prediction.ipynb:pylance-notebook-cell:pylancePrefixCell.py (39609ms)
2023-08-26 06:24:54.741 [info] [Info  - 6:24:54 AM] (2331) [IDX(2)] Long operation: index packages /root (3717ms)
2023-08-26 06:25:06.481 [info] [Info  - 6:25:06 AM] (3066) Pylance language server 2023.8.40 (pyright 03f79a81) starting
2023-08-26 06:25:06.520 [info] [Info  - 6:25:06 AM] (3066) Server root directory: /root/.vscode-server/extensions/ms-python.vscode-pylance-2023.8.40/dist
2023-08-26 06:25:06.526 [info] [Info  - 6:25:06 AM] (3066) Starting service instance "root"
2023-08-26 06:25:07.058 [info] [Info  - 6:25:07 AM] (3066) Setting pythonPath for service "root": "/usr/local/bin/python"
2023-08-26 06:25:07.089 [info] [Warn  - 6:25:07 AM] (3066) stubPath /root/typings is not a valid directory.
2023-08-26 06:25:07.117 [info] [Info  - 6:25:07 AM] (3066) Assuming Python version 3.11
2023-08-26 06:25:11.094 [info] [Info  - 6:25:11 AM] (3066) No source files found.
2023-08-26 06:25:13.722 [info] [Info  - 6:25:13 AM] (3066) Starting service instance "root"
2023-08-26 06:25:13.786 [info] [Warn  - 6:25:13 AM] (3066) stubPath /root/typings is not a valid directory.
2023-08-26 06:25:17.702 [info] [Info  - 6:25:17 AM] (3066) No source files found.
2023-08-26 06:25:21.008 [info] [Info  - 6:25:21 AM] (3066) [FG] Long operation: parsing: /root/source_code/Car_Price_Prediction.ipynb:pylance-notebook-cell:W1sdnNjb2RlLXJlbW90ZQ==.py (3196ms)
2023-08-26 06:25:26.420 [info] [Info  - 6:25:26 AM] (3066) [BG(2)] Long operation: parsing: /root/source_code/Car_Price_Prediction.ipynb:pylance-notebook-cell:W1sdnNjb2RlLXJlbW90ZQ==.py (4895ms)
2023-08-26 06:25:30.091 [info] [Info  - 6:25:30 AM] (3066) Starting service instance "root"
2023-08-26 06:25:30.243 [info] [Info  - 6:25:30 AM] (3066) Setting pythonPath for service "root": "/bin/python3"
2023-08-26 06:25:30.443 [info] [Warn  - 6:25:30 AM] (3066) stubPath /root/typings is not a valid directory.
2023-08-26 06:25:30.560 [info] [Info  - 6:25:30 AM] (3066) Assuming Python version 3.11
2023-08-26 06:25:35.836 [info] [Info  - 6:25:35 AM] (3066) No source files found.
2023-08-26 06:25:38.200 [info] [Info  - 6:25:38 AM] (3066) [BG(2)] Long operation: parsing: /root/.vscode-server/extensions/ms-python.vscode-pylance-2023.8.40/dist/bundled/stubs/matplotlib/pyplot.pyi (2468ms)
2023-08-26 06:25:38.201 [info] [Info  - 6:25:38 AM] (3066) [BG(2)] Long operation: getSemanticTokens full at /root/source_code/Car_Price_Prediction.ipynb:pylance-notebook-cell:W1sdnNjb2RlLXJlbW90ZQ==.py (13285ms)
2023-08-26 06:25:38.202 [info] [Info  - 6:25:38 AM] (3066) [BG(2)] Long operation: getSemanticTokens full at /root/source_code/Car_Price_Prediction.ipynb:pylance-notebook-cell:W2sdnNjb2RlLXJlbW90ZQ==.py (2157ms)
2023-08-26 06:25:41.731 [info] [Info  - 6:25:41 AM] (3066) [BG(4)] Long operation: parsing: /root/source_code/Car_Price_Prediction.ipynb:pylance-notebook-cell:Y205sdnNjb2RlLXJlbW90ZQ==.py (3434ms)
2023-08-26 06:25:47.682 [info] [Info  - 6:25:47 AM] (3066) [FG] Long operation: parsing: /root/.vscode-server/extensions/ms-python.vscode-pylance-2023.8.40/dist/bundled/stubs/matplotlib/pyplot.pyi (3178ms)
2023-08-26 06:25:54.424 [info] [Info  - 6:25:54 AM] (3066) [BG(4)] Long operation: parsing: /root/.vscode-server/extensions/ms-python.vscode-pylance-2023.8.40/dist/bundled/stubs/sklearn/utils/__init__.pyi (2282ms)
2023-08-26 06:25:54.493 [info] [Info  - 6:25:54 AM] (3066) [BG(4)] Long operation: checking: /root/source_code/Car_Price_Prediction.ipynb:pylance-notebook-cell:Y205sdnNjb2RlLXJlbW90ZQ==.py (8223ms)
2023-08-26 06:25:54.494 [info] [Info  - 6:25:54 AM] (3066) [BG(4)] Long operation: analyzing: /root/source_code/Car_Price_Prediction.ipynb:pylance-notebook-cell:Y205sdnNjb2RlLXJlbW90ZQ==.py (16199ms)
2023-08-26 06:25:57.308 [info] [Info  - 6:25:57 AM] (3066) [BG(4)] Long operation: checking: /root/source_code/Car_Price_Prediction.ipynb:pylance-notebook-cell:Y202sdnNjb2RlLXJlbW90ZQ==.py (2813ms)
2023-08-26 06:25:57.309 [info] [Info  - 6:25:57 AM] (3066) [BG(4)] Long operation: analyzing: /root/source_code/Car_Price_Prediction.ipynb:pylance-notebook-cell:Y202sdnNjb2RlLXJlbW90ZQ==.py (2813ms)
2023-08-26 06:26:01.811 [info] [Info  - 6:26:01 AM] (3066) [BG(4)] Long operation: analyzing: /root/source_code/Car_Price_Prediction.ipynb:pylance-notebook-cell:pylancePrefixCell.py (23521ms)
2023-08-26 06:26:03.034 [info] [Info  - 6:26:03 AM] (3066) [IDX(3)] Long operation: scan packages /root (37949ms)
2023-08-26 06:26:11.944 [info] [Info  - 6:26:11 AM] (3066) [IDX(3)] Long operation: scan packages /root (5038ms)
2023-08-26 06:26:15.451 [info] [Info  - 6:26:15 AM] (3066) [IDX(3)] Long operation: parsing: /usr/lib/python3.11/xml/__init__.py (3381ms)
2023-08-26 06:26:15.616 [info] [Info  - 6:26:15 AM] (3066) [IDX(3)] Long operation: indexing: /usr/lib/python3.11/xml/__init__.py (3546ms)
2023-08-26 06:26:15.621 [info] [Info  - 6:26:15 AM] (3066) [IDX(3)] Long operation: index execution environment /root (3563ms)
2023-08-26 06:26:15.639 [info] [Info  - 6:26:15 AM] (3066) [IDX(3)] Long operation: index packages /root (3644ms)
