2023-08-27 03:03:01.286 [info] Log level: Info
2023-08-27 03:03:01.287 [info] Validating found git in: "git"
2023-08-27 03:03:01.288 [info] Using git "2.39.2" from "git"
2023-08-27 03:03:01.289 [info] > git rev-parse --show-toplevel [9129ms]
2023-08-27 03:03:01.290 [info] fatal: not a git repository (or any of the parent directories): .git
2023-08-27 03:03:01.291 [info] > git rev-parse --show-toplevel [10308ms]
2023-08-27 03:03:01.292 [info] fatal: not a git repository (or any of the parent directories): .git
2023-08-27 03:03:01.292 [info] > git rev-parse --show-toplevel [21ms]
2023-08-27 03:03:01.293 [info] fatal: not a git repository (or any of the parent directories): .git
2023-08-27 03:03:03.086 [info] > git rev-parse --show-toplevel [1533ms]
2023-08-27 03:03:03.087 [info] fatal: not a git repository (or any parent up to mount point /root)
Stopping at filesystem boundary (GIT_DISCOVERY_ACROSS_FILESYSTEM not set).
2023-08-27 03:03:10.131 [info] > git rev-parse --show-toplevel [156ms]
2023-08-27 03:03:10.132 [info] fatal: not a git repository (or any parent up to mount point /root)
Stopping at filesystem boundary (GIT_DISCOVERY_ACROSS_FILESYSTEM not set).
2023-08-27 03:23:30.041 [info] > git rev-parse --show-toplevel [13ms]
2023-08-27 03:23:30.042 [info] fatal: not a git repository (or any parent up to mount point /root)
Stopping at filesystem boundary (GIT_DISCOVERY_ACROSS_FILESYSTEM not set).
2023-08-27 03:23:35.430 [info] > git rev-parse --show-toplevel [9ms]
2023-08-27 03:23:35.432 [info] fatal: not a git repository (or any parent up to mount point /root)
Stopping at filesystem boundary (GIT_DISCOVERY_ACROSS_FILESYSTEM not set).
2023-08-27 03:23:41.215 [info] > git rev-parse --show-toplevel [5ms]
2023-08-27 03:23:41.216 [info] fatal: not a git repository (or any parent up to mount point /root)
Stopping at filesystem boundary (GIT_DISCOVERY_ACROSS_FILESYSTEM not set).
2023-08-27 03:24:50.742 [info] > git rev-parse --show-toplevel [9ms]
2023-08-27 03:24:50.744 [info] fatal: not a git repository (or any parent up to mount point /root)
Stopping at filesystem boundary (GIT_DISCOVERY_ACROSS_FILESYSTEM not set).
2023-08-27 03:24:57.012 [info] > git rev-parse --show-toplevel [6ms]
2023-08-27 03:24:57.013 [info] fatal: not a git repository (or any parent up to mount point /root)
Stopping at filesystem boundary (GIT_DISCOVERY_ACROSS_FILESYSTEM not set).
2023-08-27 03:25:03.069 [info] > git rev-parse --show-toplevel [6ms]
2023-08-27 03:25:03.070 [info] fatal: not a git repository (or any parent up to mount point /root)
Stopping at filesystem boundary (GIT_DISCOVERY_ACROSS_FILESYSTEM not set).
2023-08-27 03:25:34.606 [info] > git rev-parse --show-toplevel [6ms]
2023-08-27 03:25:34.608 [info] fatal: not a git repository (or any parent up to mount point /root)
Stopping at filesystem boundary (GIT_DISCOVERY_ACROSS_FILESYSTEM not set).
2023-08-27 03:46:48.940 [info] > git rev-parse --show-toplevel [4ms]
2023-08-27 03:46:48.941 [info] fatal: not a git repository (or any parent up to mount point /root)
Stopping at filesystem boundary (GIT_DISCOVERY_ACROSS_FILESYSTEM not set).
2023-08-27 03:47:39.196 [info] > git rev-parse --show-toplevel [7ms]
2023-08-27 03:47:39.197 [info] fatal: not a git repository (or any parent up to mount point /root)
Stopping at filesystem boundary (GIT_DISCOVERY_ACROSS_FILESYSTEM not set).
2023-08-27 03:47:52.257 [info] > git rev-parse --show-toplevel [32ms]
2023-08-27 03:47:52.259 [info] fatal: not a git repository (or any parent up to mount point /root)
Stopping at filesystem boundary (GIT_DISCOVERY_ACROSS_FILESYSTEM not set).
2023-08-27 03:48:51.272 [info] > git rev-parse --show-toplevel [18ms]
2023-08-27 03:48:51.275 [info] fatal: not a git repository (or any parent up to mount point /root)
Stopping at filesystem boundary (GIT_DISCOVERY_ACROSS_FILESYSTEM not set).
2023-08-27 03:53:01.780 [info] > git rev-parse --show-toplevel [100ms]
2023-08-27 03:53:01.780 [info] fatal: not a git repository (or any parent up to mount point /root)
Stopping at filesystem boundary (GIT_DISCOVERY_ACROSS_FILESYSTEM not set).
2023-08-27 03:53:03.624 [info] > git rev-parse --show-toplevel [127ms]
2023-08-27 03:53:03.625 [info] fatal: not a git repository (or any parent up to mount point /root)
Stopping at filesystem boundary (GIT_DISCOVERY_ACROSS_FILESYSTEM not set).
2023-08-27 03:53:17.158 [info] > git rev-parse --show-toplevel [10ms]
2023-08-27 03:53:17.159 [info] fatal: not a git repository (or any parent up to mount point /root)
Stopping at filesystem boundary (GIT_DISCOVERY_ACROSS_FILESYSTEM not set).
2023-08-27 03:53:33.986 [info] > git rev-parse --show-toplevel [8ms]
2023-08-27 03:53:33.987 [info] fatal: not a git repository (or any parent up to mount point /root)
Stopping at filesystem boundary (GIT_DISCOVERY_ACROSS_FILESYSTEM not set).
2023-08-27 03:53:41.931 [info] > git rev-parse --show-toplevel [8ms]
2023-08-27 03:53:41.932 [info] fatal: not a git repository (or any parent up to mount point /root)
Stopping at filesystem boundary (GIT_DISCOVERY_ACROSS_FILESYSTEM not set).
2023-08-27 03:55:02.293 [info] > git rev-parse --show-toplevel [10ms]
2023-08-27 03:55:02.294 [info] fatal: not a git repository (or any parent up to mount point /root)
Stopping at filesystem boundary (GIT_DISCOVERY_ACROSS_FILESYSTEM not set).
2023-08-27 03:55:55.323 [info] > git rev-parse --show-toplevel [9ms]
2023-08-27 03:55:55.323 [info] fatal: not a git repository (or any parent up to mount point /root)
Stopping at filesystem boundary (GIT_DISCOVERY_ACROSS_FILESYSTEM not set).
2023-08-27 03:56:06.858 [info] > git rev-parse --show-toplevel [5ms]
2023-08-27 03:56:06.859 [info] fatal: not a git repository (or any parent up to mount point /root)
Stopping at filesystem boundary (GIT_DISCOVERY_ACROSS_FILESYSTEM not set).
2023-08-27 03:57:29.244 [info] > git rev-parse --show-toplevel [12ms]
2023-08-27 03:57:29.246 [info] fatal: not a git repository (or any parent up to mount point /root)
Stopping at filesystem boundary (GIT_DISCOVERY_ACROSS_FILESYSTEM not set).
2023-08-27 03:57:31.328 [info] > git rev-parse --show-toplevel [75ms]
2023-08-27 03:57:31.362 [info] fatal: not a git repository (or any parent up to mount point /root)
Stopping at filesystem boundary (GIT_DISCOVERY_ACROSS_FILESYSTEM not set).
2023-08-27 04:04:00.683 [info] > git rev-parse --show-toplevel [11ms]
2023-08-27 04:04:00.684 [info] fatal: not a git repository (or any parent up to mount point /root)
Stopping at filesystem boundary (GIT_DISCOVERY_ACROSS_FILESYSTEM not set).
2023-08-27 04:04:16.030 [info] > git rev-parse --show-toplevel [6ms]
2023-08-27 04:04:16.031 [info] fatal: not a git repository (or any parent up to mount point /root)
Stopping at filesystem boundary (GIT_DISCOVERY_ACROSS_FILESYSTEM not set).
2023-08-27 04:06:18.318 [info] > git rev-parse --show-toplevel [10ms]
2023-08-27 04:06:18.319 [info] fatal: not a git repository (or any parent up to mount point /root)
Stopping at filesystem boundary (GIT_DISCOVERY_ACROSS_FILESYSTEM not set).
2023-08-27 04:07:24.261 [info] > git rev-parse --show-toplevel [5ms]
2023-08-27 04:07:24.263 [info] fatal: not a git repository (or any parent up to mount point /root)
Stopping at filesystem boundary (GIT_DISCOVERY_ACROSS_FILESYSTEM not set).
2023-08-27 04:09:48.732 [info] > git rev-parse --show-toplevel [7ms]
2023-08-27 04:09:48.733 [info] fatal: not a git repository (or any parent up to mount point /root)
Stopping at filesystem boundary (GIT_DISCOVERY_ACROSS_FILESYSTEM not set).
2023-08-27 04:10:01.853 [info] > git rev-parse --show-toplevel [8ms]
2023-08-27 04:10:01.854 [info] fatal: not a git repository (or any parent up to mount point /root)
Stopping at filesystem boundary (GIT_DISCOVERY_ACROSS_FILESYSTEM not set).
2023-08-27 04:10:07.279 [info] > git rev-parse --show-toplevel [8ms]
2023-08-27 04:10:07.280 [info] fatal: not a git repository (or any parent up to mount point /root)
Stopping at filesystem boundary (GIT_DISCOVERY_ACROSS_FILESYSTEM not set).
2023-08-27 04:10:11.807 [info] > git rev-parse --show-toplevel [5ms]
2023-08-27 04:10:11.808 [info] fatal: not a git repository (or any parent up to mount point /root)
Stopping at filesystem boundary (GIT_DISCOVERY_ACROSS_FILESYSTEM not set).
2023-08-27 04:10:14.590 [info] > git rev-parse --show-toplevel [5ms]
2023-08-27 04:10:14.590 [info] fatal: not a git repository (or any parent up to mount point /root)
Stopping at filesystem boundary (GIT_DISCOVERY_ACROSS_FILESYSTEM not set).
2023-08-27 04:10:18.558 [info] > git rev-parse --show-toplevel [6ms]
2023-08-27 04:10:18.558 [info] fatal: not a git repository (or any parent up to mount point /root)
Stopping at filesystem boundary (GIT_DISCOVERY_ACROSS_FILESYSTEM not set).
2023-08-27 04:10:43.661 [info] > git rev-parse --show-toplevel [4ms]
2023-08-27 04:10:43.661 [info] fatal: not a git repository (or any parent up to mount point /root)
Stopping at filesystem boundary (GIT_DISCOVERY_ACROSS_FILESYSTEM not set).
2023-08-27 04:10:53.748 [info] > git rev-parse --show-toplevel [7ms]
2023-08-27 04:10:53.749 [info] fatal: not a git repository (or any parent up to mount point /root)
Stopping at filesystem boundary (GIT_DISCOVERY_ACROSS_FILESYSTEM not set).
2023-08-27 04:10:55.398 [info] > git rev-parse --show-toplevel [6ms]
2023-08-27 04:10:55.399 [info] fatal: not a git repository (or any parent up to mount point /root)
Stopping at filesystem boundary (GIT_DISCOVERY_ACROSS_FILESYSTEM not set).
2023-08-27 04:11:14.535 [info] > git rev-parse --show-toplevel [10ms]
2023-08-27 04:11:14.536 [info] fatal: not a git repository (or any parent up to mount point /root)
Stopping at filesystem boundary (GIT_DISCOVERY_ACROSS_FILESYSTEM not set).
2023-08-27 04:11:16.316 [info] > git rev-parse --show-toplevel [5ms]
2023-08-27 04:11:16.317 [info] fatal: not a git repository (or any parent up to mount point /root)
Stopping at filesystem boundary (GIT_DISCOVERY_ACROSS_FILESYSTEM not set).
2023-08-27 04:13:48.487 [info] > git rev-parse --show-toplevel [4ms]
2023-08-27 04:13:48.488 [info] fatal: not a git repository (or any parent up to mount point /root)
Stopping at filesystem boundary (GIT_DISCOVERY_ACROSS_FILESYSTEM not set).
2023-08-27 04:13:55.080 [info] > git rev-parse --show-toplevel [13ms]
2023-08-27 04:13:55.084 [info] fatal: not a git repository (or any parent up to mount point /root)
Stopping at filesystem boundary (GIT_DISCOVERY_ACROSS_FILESYSTEM not set).
2023-08-27 04:14:05.687 [info] > git rev-parse --show-toplevel [13ms]
2023-08-27 04:14:05.688 [info] fatal: not a git repository (or any parent up to mount point /root)
Stopping at filesystem boundary (GIT_DISCOVERY_ACROSS_FILESYSTEM not set).
2023-08-27 04:14:28.035 [info] > git rev-parse --show-toplevel [5ms]
2023-08-27 04:14:28.036 [info] fatal: not a git repository (or any parent up to mount point /root)
Stopping at filesystem boundary (GIT_DISCOVERY_ACROSS_FILESYSTEM not set).
2023-08-27 04:14:37.860 [info] > git rev-parse --show-toplevel [5ms]
2023-08-27 04:14:37.865 [info] fatal: not a git repository (or any parent up to mount point /root)
Stopping at filesystem boundary (GIT_DISCOVERY_ACROSS_FILESYSTEM not set).
2023-08-27 04:14:53.157 [info] > git rev-parse --show-toplevel [7ms]
2023-08-27 04:14:53.157 [info] fatal: not a git repository (or any parent up to mount point /root)
Stopping at filesystem boundary (GIT_DISCOVERY_ACROSS_FILESYSTEM not set).
2023-08-27 04:15:34.236 [info] > git rev-parse --show-toplevel [6ms]
2023-08-27 04:15:34.237 [info] fatal: not a git repository (or any parent up to mount point /root)
Stopping at filesystem boundary (GIT_DISCOVERY_ACROSS_FILESYSTEM not set).
2023-08-27 04:16:03.381 [info] > git rev-parse --show-toplevel [7ms]
2023-08-27 04:16:03.381 [info] fatal: not a git repository (or any parent up to mount point /root)
Stopping at filesystem boundary (GIT_DISCOVERY_ACROSS_FILESYSTEM not set).
2023-08-27 04:16:09.457 [info] > git rev-parse --show-toplevel [6ms]
2023-08-27 04:16:09.457 [info] fatal: not a git repository (or any parent up to mount point /root)
Stopping at filesystem boundary (GIT_DISCOVERY_ACROSS_FILESYSTEM not set).
2023-08-27 04:17:15.520 [info] > git rev-parse --show-toplevel [49ms]
2023-08-27 04:17:15.521 [info] fatal: not a git repository (or any parent up to mount point /root)
Stopping at filesystem boundary (GIT_DISCOVERY_ACROSS_FILESYSTEM not set).
2023-08-27 04:17:20.980 [info] > git rev-parse --show-toplevel [12ms]
2023-08-27 04:17:20.981 [info] fatal: not a git repository (or any parent up to mount point /root)
Stopping at filesystem boundary (GIT_DISCOVERY_ACROSS_FILESYSTEM not set).
2023-08-27 04:17:27.350 [info] > git rev-parse --show-toplevel [11ms]
2023-08-27 04:17:27.354 [info] fatal: not a git repository (or any parent up to mount point /root)
Stopping at filesystem boundary (GIT_DISCOVERY_ACROSS_FILESYSTEM not set).
2023-08-27 04:17:46.398 [info] > git rev-parse --show-toplevel [5ms]
2023-08-27 04:17:46.398 [info] fatal: not a git repository (or any parent up to mount point /root)
Stopping at filesystem boundary (GIT_DISCOVERY_ACROSS_FILESYSTEM not set).
2023-08-27 04:18:07.937 [info] > git rev-parse --show-toplevel [23ms]
2023-08-27 04:18:07.940 [info] fatal: not a git repository (or any parent up to mount point /root)
Stopping at filesystem boundary (GIT_DISCOVERY_ACROSS_FILESYSTEM not set).
2023-08-27 04:18:11.853 [info] > git rev-parse --show-toplevel [5ms]
2023-08-27 04:18:11.854 [info] fatal: not a git repository (or any parent up to mount point /root)
Stopping at filesystem boundary (GIT_DISCOVERY_ACROSS_FILESYSTEM not set).
2023-08-27 04:18:15.860 [info] > git rev-parse --show-toplevel [4ms]
2023-08-27 04:18:15.861 [info] fatal: not a git repository (or any parent up to mount point /root)
Stopping at filesystem boundary (GIT_DISCOVERY_ACROSS_FILESYSTEM not set).
2023-08-27 04:18:31.041 [info] > git rev-parse --show-toplevel [7ms]
2023-08-27 04:18:31.044 [info] fatal: not a git repository (or any parent up to mount point /root)
Stopping at filesystem boundary (GIT_DISCOVERY_ACROSS_FILESYSTEM not set).
2023-08-27 04:18:37.834 [info] > git rev-parse --show-toplevel [39ms]
2023-08-27 04:18:37.835 [info] fatal: not a git repository (or any parent up to mount point /root)
Stopping at filesystem boundary (GIT_DISCOVERY_ACROSS_FILESYSTEM not set).
2023-08-27 04:19:39.734 [info] > git rev-parse --show-toplevel [16ms]
2023-08-27 04:19:39.736 [info] fatal: not a git repository (or any parent up to mount point /root)
Stopping at filesystem boundary (GIT_DISCOVERY_ACROSS_FILESYSTEM not set).
2023-08-27 04:19:41.663 [info] > git rev-parse --show-toplevel [30ms]
2023-08-27 04:19:41.667 [info] fatal: not a git repository (or any parent up to mount point /root)
Stopping at filesystem boundary (GIT_DISCOVERY_ACROSS_FILESYSTEM not set).
2023-08-27 04:26:10.235 [info] > git rev-parse --show-toplevel [65ms]
2023-08-27 04:26:10.245 [info] fatal: not a git repository (or any parent up to mount point /root)
Stopping at filesystem boundary (GIT_DISCOVERY_ACROSS_FILESYSTEM not set).
2023-08-27 04:28:15.052 [info] > git rev-parse --show-toplevel [18ms]
2023-08-27 04:28:15.053 [info] fatal: not a git repository (or any parent up to mount point /root)
Stopping at filesystem boundary (GIT_DISCOVERY_ACROSS_FILESYSTEM not set).
2023-08-27 04:29:18.330 [info] > git rev-parse --show-toplevel [5ms]
2023-08-27 04:29:18.331 [info] fatal: not a git repository (or any parent up to mount point /root)
Stopping at filesystem boundary (GIT_DISCOVERY_ACROSS_FILESYSTEM not set).
2023-08-27 04:31:35.583 [info] > git rev-parse --show-toplevel [5ms]
2023-08-27 04:31:35.584 [info] fatal: not a git repository (or any parent up to mount point /root)
Stopping at filesystem boundary (GIT_DISCOVERY_ACROSS_FILESYSTEM not set).
2023-08-27 04:31:39.404 [info] > git rev-parse --show-toplevel [9ms]
2023-08-27 04:31:39.405 [info] fatal: not a git repository (or any parent up to mount point /root)
Stopping at filesystem boundary (GIT_DISCOVERY_ACROSS_FILESYSTEM not set).
2023-08-27 04:31:50.405 [info] > git rev-parse --show-toplevel [28ms]
2023-08-27 04:31:50.406 [info] fatal: not a git repository (or any parent up to mount point /root)
Stopping at filesystem boundary (GIT_DISCOVERY_ACROSS_FILESYSTEM not set).
2023-08-27 04:31:54.392 [info] > git rev-parse --show-toplevel [6ms]
2023-08-27 04:31:54.393 [info] fatal: not a git repository (or any parent up to mount point /root)
Stopping at filesystem boundary (GIT_DISCOVERY_ACROSS_FILESYSTEM not set).
2023-08-27 04:32:43.721 [info] > git rev-parse --show-toplevel [10ms]
2023-08-27 04:32:43.722 [info] fatal: not a git repository (or any parent up to mount point /root)
Stopping at filesystem boundary (GIT_DISCOVERY_ACROSS_FILESYSTEM not set).
2023-08-27 04:33:10.184 [info] > git rev-parse --show-toplevel [4ms]
2023-08-27 04:33:10.185 [info] fatal: not a git repository (or any parent up to mount point /root)
Stopping at filesystem boundary (GIT_DISCOVERY_ACROSS_FILESYSTEM not set).
2023-08-27 04:33:23.164 [info] > git rev-parse --show-toplevel [62ms]
2023-08-27 04:33:23.165 [info] fatal: not a git repository (or any parent up to mount point /root)
Stopping at filesystem boundary (GIT_DISCOVERY_ACROSS_FILESYSTEM not set).
2023-08-27 04:34:28.851 [info] > git rev-parse --show-toplevel [20ms]
2023-08-27 04:34:28.852 [info] fatal: not a git repository (or any parent up to mount point /root)
Stopping at filesystem boundary (GIT_DISCOVERY_ACROSS_FILESYSTEM not set).
2023-08-27 04:34:35.994 [info] > git rev-parse --show-toplevel [11ms]
2023-08-27 04:34:35.995 [info] fatal: not a git repository (or any parent up to mount point /root)
Stopping at filesystem boundary (GIT_DISCOVERY_ACROSS_FILESYSTEM not set).
2023-08-27 04:37:25.960 [info] > git rev-parse --show-toplevel [9ms]
2023-08-27 04:37:25.960 [info] fatal: not a git repository (or any parent up to mount point /root)
Stopping at filesystem boundary (GIT_DISCOVERY_ACROSS_FILESYSTEM not set).
2023-08-27 04:41:47.944 [info] > git rev-parse --show-toplevel [8ms]
2023-08-27 04:41:47.946 [info] fatal: not a git repository (or any parent up to mount point /root)
Stopping at filesystem boundary (GIT_DISCOVERY_ACROSS_FILESYSTEM not set).
2023-08-27 04:42:15.377 [info] > git rev-parse --show-toplevel [37ms]
2023-08-27 04:42:15.393 [info] fatal: not a git repository (or any parent up to mount point /root)
Stopping at filesystem boundary (GIT_DISCOVERY_ACROSS_FILESYSTEM not set).
2023-08-27 04:42:26.085 [info] > git rev-parse --show-toplevel [33ms]
2023-08-27 04:42:26.086 [info] fatal: not a git repository (or any parent up to mount point /root)
Stopping at filesystem boundary (GIT_DISCOVERY_ACROSS_FILESYSTEM not set).
2023-08-27 04:42:53.255 [info] > git rev-parse --show-toplevel [164ms]
2023-08-27 04:42:53.262 [info] fatal: not a git repository (or any parent up to mount point /root)
Stopping at filesystem boundary (GIT_DISCOVERY_ACROSS_FILESYSTEM not set).
2023-08-27 04:54:38.460 [info] > git rev-parse --show-toplevel [12ms]
2023-08-27 04:54:38.461 [info] fatal: not a git repository (or any parent up to mount point /root)
Stopping at filesystem boundary (GIT_DISCOVERY_ACROSS_FILESYSTEM not set).
2023-08-27 04:55:16.293 [info] > git rev-parse --show-toplevel [19ms]
2023-08-27 04:55:16.294 [info] fatal: not a git repository (or any parent up to mount point /root)
Stopping at filesystem boundary (GIT_DISCOVERY_ACROSS_FILESYSTEM not set).
2023-08-27 04:55:25.707 [info] > git rev-parse --show-toplevel [8ms]
2023-08-27 04:55:25.708 [info] fatal: not a git repository (or any parent up to mount point /root)
Stopping at filesystem boundary (GIT_DISCOVERY_ACROSS_FILESYSTEM not set).
2023-08-27 04:55:51.527 [info] > git rev-parse --show-toplevel [6ms]
2023-08-27 04:55:51.528 [info] fatal: not a git repository (or any parent up to mount point /root)
Stopping at filesystem boundary (GIT_DISCOVERY_ACROSS_FILESYSTEM not set).
2023-08-27 04:56:10.528 [info] > git rev-parse --show-toplevel [9ms]
2023-08-27 04:56:10.529 [info] fatal: not a git repository (or any parent up to mount point /root)
Stopping at filesystem boundary (GIT_DISCOVERY_ACROSS_FILESYSTEM not set).
2023-08-27 04:57:11.458 [info] > git rev-parse --show-toplevel [7ms]
2023-08-27 04:57:11.459 [info] fatal: not a git repository (or any parent up to mount point /root)
Stopping at filesystem boundary (GIT_DISCOVERY_ACROSS_FILESYSTEM not set).
2023-08-27 04:59:01.772 [info] > git rev-parse --show-toplevel [6ms]
2023-08-27 04:59:01.773 [info] fatal: not a git repository (or any parent up to mount point /root)
Stopping at filesystem boundary (GIT_DISCOVERY_ACROSS_FILESYSTEM not set).
2023-08-27 04:59:32.016 [info] > git rev-parse --show-toplevel [5ms]
2023-08-27 04:59:32.016 [info] fatal: not a git repository (or any parent up to mount point /root)
Stopping at filesystem boundary (GIT_DISCOVERY_ACROSS_FILESYSTEM not set).
2023-08-27 04:59:52.561 [info] > git rev-parse --show-toplevel [12ms]
2023-08-27 04:59:52.563 [info] fatal: not a git repository (or any parent up to mount point /root)
Stopping at filesystem boundary (GIT_DISCOVERY_ACROSS_FILESYSTEM not set).
2023-08-27 04:59:56.698 [info] > git rev-parse --show-toplevel [5ms]
2023-08-27 04:59:56.699 [info] fatal: not a git repository (or any parent up to mount point /root)
Stopping at filesystem boundary (GIT_DISCOVERY_ACROSS_FILESYSTEM not set).
2023-08-27 05:01:01.689 [info] > git rev-parse --show-toplevel [6ms]
2023-08-27 05:01:01.692 [info] fatal: not a git repository (or any parent up to mount point /root)
Stopping at filesystem boundary (GIT_DISCOVERY_ACROSS_FILESYSTEM not set).
2023-08-27 05:01:02.862 [info] > git rev-parse --show-toplevel [18ms]
2023-08-27 05:01:02.864 [info] fatal: not a git repository (or any parent up to mount point /root)
Stopping at filesystem boundary (GIT_DISCOVERY_ACROSS_FILESYSTEM not set).
2023-08-27 05:01:05.688 [info] > git rev-parse --show-toplevel [47ms]
2023-08-27 05:01:05.728 [info] fatal: not a git repository (or any parent up to mount point /root)
Stopping at filesystem boundary (GIT_DISCOVERY_ACROSS_FILESYSTEM not set).
2023-08-27 05:01:29.371 [info] > git rev-parse --show-toplevel [6ms]
2023-08-27 05:01:29.371 [info] fatal: not a git repository (or any parent up to mount point /root)
Stopping at filesystem boundary (GIT_DISCOVERY_ACROSS_FILESYSTEM not set).
2023-08-27 05:01:38.180 [info] > git rev-parse --show-toplevel [6ms]
2023-08-27 05:01:38.181 [info] fatal: not a git repository (or any parent up to mount point /root)
Stopping at filesystem boundary (GIT_DISCOVERY_ACROSS_FILESYSTEM not set).
2023-08-27 05:01:52.891 [info] > git rev-parse --show-toplevel [68ms]
2023-08-27 05:01:52.895 [info] fatal: not a git repository (or any parent up to mount point /root)
Stopping at filesystem boundary (GIT_DISCOVERY_ACROSS_FILESYSTEM not set).
2023-08-27 05:02:22.108 [info] > git rev-parse --show-toplevel [6ms]
2023-08-27 05:02:22.110 [info] fatal: not a git repository (or any parent up to mount point /root)
Stopping at filesystem boundary (GIT_DISCOVERY_ACROSS_FILESYSTEM not set).
2023-08-27 05:03:52.166 [info] > git rev-parse --show-toplevel [10ms]
2023-08-27 05:03:52.167 [info] fatal: not a git repository (or any parent up to mount point /root)
Stopping at filesystem boundary (GIT_DISCOVERY_ACROSS_FILESYSTEM not set).
2023-08-27 10:46:51.166 [info] > git rev-parse --show-toplevel [30ms]
2023-08-27 10:46:51.172 [info] fatal: not a git repository (or any parent up to mount point /root)
Stopping at filesystem boundary (GIT_DISCOVERY_ACROSS_FILESYSTEM not set).
2023-08-27 10:46:55.844 [info] > git rev-parse --show-toplevel [5ms]
2023-08-27 10:46:55.845 [info] fatal: not a git repository (or any parent up to mount point /root)
Stopping at filesystem boundary (GIT_DISCOVERY_ACROSS_FILESYSTEM not set).
2023-08-27 10:53:06.191 [info] > git rev-parse --show-toplevel [100ms]
2023-08-27 10:53:06.191 [info] fatal: not a git repository (or any parent up to mount point /root)
Stopping at filesystem boundary (GIT_DISCOVERY_ACROSS_FILESYSTEM not set).
2023-08-27 10:53:18.146 [info] > git rev-parse --show-toplevel [16ms]
2023-08-27 10:53:18.147 [info] fatal: not a git repository (or any parent up to mount point /root)
Stopping at filesystem boundary (GIT_DISCOVERY_ACROSS_FILESYSTEM not set).
2023-08-27 10:53:39.043 [info] > git rev-parse --show-toplevel [9ms]
2023-08-27 10:53:39.044 [info] fatal: not a git repository (or any parent up to mount point /root)
Stopping at filesystem boundary (GIT_DISCOVERY_ACROSS_FILESYSTEM not set).
2023-08-27 11:28:13.964 [info] > git rev-parse --show-toplevel [77ms]
2023-08-27 11:28:13.976 [info] fatal: not a git repository (or any parent up to mount point /root)
Stopping at filesystem boundary (GIT_DISCOVERY_ACROSS_FILESYSTEM not set).
2023-08-27 11:28:33.979 [info] > git rev-parse --show-toplevel [6ms]
2023-08-27 11:28:33.979 [info] fatal: not a git repository (or any parent up to mount point /root)
Stopping at filesystem boundary (GIT_DISCOVERY_ACROSS_FILESYSTEM not set).
2023-08-27 11:28:39.261 [info] > git rev-parse --show-toplevel [8ms]
2023-08-27 11:28:39.261 [info] fatal: not a git repository (or any parent up to mount point /root)
Stopping at filesystem boundary (GIT_DISCOVERY_ACROSS_FILESYSTEM not set).
2023-08-27 11:28:47.552 [info] > git rev-parse --show-toplevel [8ms]
2023-08-27 11:28:47.553 [info] fatal: not a git repository (or any parent up to mount point /root)
Stopping at filesystem boundary (GIT_DISCOVERY_ACROSS_FILESYSTEM not set).
2023-08-27 11:29:54.371 [info] > git rev-parse --show-toplevel [3ms]
2023-08-27 11:29:54.372 [info] fatal: not a git repository (or any parent up to mount point /root)
Stopping at filesystem boundary (GIT_DISCOVERY_ACROSS_FILESYSTEM not set).
2023-08-27 11:30:31.749 [info] > git rev-parse --show-toplevel [61ms]
2023-08-27 11:30:31.760 [info] fatal: not a git repository (or any parent up to mount point /root)
Stopping at filesystem boundary (GIT_DISCOVERY_ACROSS_FILESYSTEM not set).
2023-08-27 11:32:01.109 [info] > git rev-parse --show-toplevel [6ms]
2023-08-27 11:32:01.109 [info] fatal: not a git repository (or any parent up to mount point /root)
Stopping at filesystem boundary (GIT_DISCOVERY_ACROSS_FILESYSTEM not set).
2023-08-27 11:32:31.288 [info] > git rev-parse --show-toplevel [13ms]
2023-08-27 11:32:31.289 [info] fatal: not a git repository (or any parent up to mount point /root)
Stopping at filesystem boundary (GIT_DISCOVERY_ACROSS_FILESYSTEM not set).
2023-08-27 11:33:06.362 [info] > git rev-parse --show-toplevel [67ms]
2023-08-27 11:33:06.403 [info] fatal: not a git repository (or any parent up to mount point /root)
Stopping at filesystem boundary (GIT_DISCOVERY_ACROSS_FILESYSTEM not set).
2023-08-27 11:33:55.041 [info] > git rev-parse --show-toplevel [7ms]
2023-08-27 11:33:55.042 [info] fatal: not a git repository (or any parent up to mount point /root)
Stopping at filesystem boundary (GIT_DISCOVERY_ACROSS_FILESYSTEM not set).
2023-08-27 11:34:04.032 [info] > git rev-parse --show-toplevel [7ms]
2023-08-27 11:34:04.034 [info] fatal: not a git repository (or any parent up to mount point /root)
Stopping at filesystem boundary (GIT_DISCOVERY_ACROSS_FILESYSTEM not set).
2023-08-27 11:34:11.858 [info] > git rev-parse --show-toplevel [6ms]
2023-08-27 11:34:11.859 [info] fatal: not a git repository (or any parent up to mount point /root)
Stopping at filesystem boundary (GIT_DISCOVERY_ACROSS_FILESYSTEM not set).
2023-08-27 11:42:36.084 [info] > git rev-parse --show-toplevel [54ms]
2023-08-27 11:42:36.085 [info] fatal: not a git repository (or any parent up to mount point /root)
Stopping at filesystem boundary (GIT_DISCOVERY_ACROSS_FILESYSTEM not set).
2023-08-27 11:43:55.224 [info] > git rev-parse --show-toplevel [62ms]
2023-08-27 11:43:55.225 [info] fatal: not a git repository (or any parent up to mount point /root)
Stopping at filesystem boundary (GIT_DISCOVERY_ACROSS_FILESYSTEM not set).
2023-08-27 11:46:57.740 [info] > git rev-parse --show-toplevel [7ms]
2023-08-27 11:46:57.741 [info] fatal: not a git repository (or any parent up to mount point /root)
Stopping at filesystem boundary (GIT_DISCOVERY_ACROSS_FILESYSTEM not set).
