2023-08-26 20:22:18.174 [info] Log level: Info
2023-08-26 20:22:18.227 [info] Validating found git in: "git"
2023-08-26 20:22:18.248 [info] Using git "2.39.2" from "git"
2023-08-26 20:22:18.320 [info] > git rev-parse --show-toplevel [31234ms]
2023-08-26 20:22:18.343 [info] fatal: not a git repository (or any of the parent directories): .git
2023-08-26 20:22:18.951 [info] > git rev-parse --show-toplevel [11785ms]
2023-08-26 20:22:19.156 [info] fatal: not a git repository (or any of the parent directories): .git
2023-08-26 20:22:36.886 [info] > git rev-parse --show-toplevel [206ms]
2023-08-26 20:22:36.887 [info] fatal: not a git repository (or any of the parent directories): .git
2023-08-26 20:22:41.504 [info] > git rev-parse --show-toplevel [605ms]
2023-08-26 20:22:41.516 [info] fatal: not a git repository (or any parent up to mount point /root)
Stopping at filesystem boundary (GIT_DISCOVERY_ACROSS_FILESYSTEM not set).
2023-08-26 20:22:41.755 [info] > git rev-parse --show-toplevel [144ms]
2023-08-26 20:22:41.763 [info] fatal: not a git repository (or any parent up to mount point /root)
Stopping at filesystem boundary (GIT_DISCOVERY_ACROSS_FILESYSTEM not set).
2023-08-26 22:30:07.950 [info] > git rev-parse --show-toplevel [320ms]
2023-08-26 22:30:07.965 [info] fatal: not a git repository (or any parent up to mount point /root)
Stopping at filesystem boundary (GIT_DISCOVERY_ACROSS_FILESYSTEM not set).
2023-08-26 22:45:06.387 [info] > git rev-parse --show-toplevel [16ms]
2023-08-26 22:45:06.387 [info] fatal: not a git repository (or any parent up to mount point /root)
Stopping at filesystem boundary (GIT_DISCOVERY_ACROSS_FILESYSTEM not set).
2023-08-26 22:50:59.253 [info] > git rev-parse --show-toplevel [41ms]
2023-08-26 22:50:59.254 [info] fatal: not a git repository (or any parent up to mount point /root)
Stopping at filesystem boundary (GIT_DISCOVERY_ACROSS_FILESYSTEM not set).
