2023-08-27 12:56:53.379 [info] Log level: Info
2023-08-27 12:56:53.381 [info] Validating found git in: "git"
2023-08-27 12:56:53.381 [info] Using git "2.39.2" from "git"
2023-08-27 12:56:53.395 [info] > git rev-parse --show-toplevel [2593ms]
2023-08-27 12:56:53.397 [info] fatal: not a git repository (or any of the parent directories): .git
2023-08-27 12:56:53.468 [info] > git rev-parse --show-toplevel [483ms]
2023-08-27 12:56:53.470 [info] fatal: not a git repository (or any parent up to mount point /root)
Stopping at filesystem boundary (GIT_DISCOVERY_ACROSS_FILESYSTEM not set).
2023-08-27 12:56:53.711 [info] > git rev-parse --show-toplevel [122ms]
2023-08-27 12:56:53.713 [info] fatal: not a git repository (or any of the parent directories): .git
2023-08-27 12:56:56.045 [info] > git rev-parse --show-toplevel [203ms]
2023-08-27 12:56:56.047 [info] fatal: not a git repository (or any of the parent directories): .git
2023-08-27 12:56:56.212 [info] > git rev-parse --show-toplevel [62ms]
2023-08-27 12:56:56.213 [info] fatal: not a git repository (or any of the parent directories): .git
2023-08-27 12:56:56.397 [info] > git rev-parse --show-toplevel [64ms]
2023-08-27 12:56:56.402 [info] fatal: not a git repository (or any of the parent directories): .git
2023-08-27 12:56:56.968 [info] > git rev-parse --show-toplevel [508ms]
2023-08-27 12:56:56.970 [info] fatal: not a git repository (or any of the parent directories): .git
2023-08-27 12:56:57.099 [info] > git rev-parse --show-toplevel [24ms]
2023-08-27 12:56:57.100 [info] fatal: not a git repository (or any parent up to mount point /root)
Stopping at filesystem boundary (GIT_DISCOVERY_ACROSS_FILESYSTEM not set).
2023-08-27 12:56:58.599 [info] > git rev-parse --show-toplevel [1474ms]
2023-08-27 12:56:58.600 [info] fatal: not a git repository (or any parent up to mount point /root)
Stopping at filesystem boundary (GIT_DISCOVERY_ACROSS_FILESYSTEM not set).
2023-08-27 12:56:58.956 [info] > git rev-parse --show-toplevel [43ms]
2023-08-27 12:56:58.964 [info] fatal: not a git repository (or any parent up to mount point /root)
Stopping at filesystem boundary (GIT_DISCOVERY_ACROSS_FILESYSTEM not set).
2023-08-27 12:57:40.764 [info] > git rev-parse --show-toplevel [26ms]
2023-08-27 12:57:40.767 [info] fatal: not a git repository (or any parent up to mount point /root)
Stopping at filesystem boundary (GIT_DISCOVERY_ACROSS_FILESYSTEM not set).
2023-08-27 12:57:48.192 [info] > git rev-parse --show-toplevel [45ms]
2023-08-27 12:57:48.194 [info] fatal: not a git repository (or any parent up to mount point /root)
Stopping at filesystem boundary (GIT_DISCOVERY_ACROSS_FILESYSTEM not set).
2023-08-27 12:58:08.452 [info] > git rev-parse --show-toplevel [30ms]
2023-08-27 12:58:08.457 [info] fatal: not a git repository (or any parent up to mount point /root)
Stopping at filesystem boundary (GIT_DISCOVERY_ACROSS_FILESYSTEM not set).
2023-08-27 12:58:27.792 [info] > git rev-parse --show-toplevel [102ms]
2023-08-27 12:58:27.795 [info] fatal: not a git repository (or any parent up to mount point /root)
Stopping at filesystem boundary (GIT_DISCOVERY_ACROSS_FILESYSTEM not set).
2023-08-27 12:59:21.593 [info] > git rev-parse --show-toplevel [23ms]
2023-08-27 12:59:21.595 [info] fatal: not a git repository (or any parent up to mount point /root)
Stopping at filesystem boundary (GIT_DISCOVERY_ACROSS_FILESYSTEM not set).
2023-08-27 12:59:29.257 [info] > git rev-parse --show-toplevel [8ms]
2023-08-27 12:59:29.259 [info] fatal: not a git repository (or any parent up to mount point /root)
Stopping at filesystem boundary (GIT_DISCOVERY_ACROSS_FILESYSTEM not set).
2023-08-27 12:59:36.015 [info] > git rev-parse --show-toplevel [12ms]
2023-08-27 12:59:36.016 [info] fatal: not a git repository (or any parent up to mount point /root)
Stopping at filesystem boundary (GIT_DISCOVERY_ACROSS_FILESYSTEM not set).
2023-08-27 12:59:54.399 [info] > git rev-parse --show-toplevel [31ms]
2023-08-27 12:59:54.400 [info] fatal: not a git repository (or any parent up to mount point /root)
Stopping at filesystem boundary (GIT_DISCOVERY_ACROSS_FILESYSTEM not set).
2023-08-27 13:01:29.568 [info] > git rev-parse --show-toplevel [12ms]
2023-08-27 13:01:29.569 [info] fatal: not a git repository (or any parent up to mount point /root)
Stopping at filesystem boundary (GIT_DISCOVERY_ACROSS_FILESYSTEM not set).
2023-08-27 13:01:43.335 [info] > git rev-parse --show-toplevel [10ms]
2023-08-27 13:01:43.335 [info] fatal: not a git repository (or any parent up to mount point /root)
Stopping at filesystem boundary (GIT_DISCOVERY_ACROSS_FILESYSTEM not set).
2023-08-27 13:01:54.895 [info] > git rev-parse --show-toplevel [13ms]
2023-08-27 13:01:54.902 [info] fatal: not a git repository (or any parent up to mount point /root)
Stopping at filesystem boundary (GIT_DISCOVERY_ACROSS_FILESYSTEM not set).
2023-08-27 13:01:58.590 [info] > git rev-parse --show-toplevel [22ms]
2023-08-27 13:01:58.591 [info] fatal: not a git repository (or any parent up to mount point /root)
Stopping at filesystem boundary (GIT_DISCOVERY_ACROSS_FILESYSTEM not set).
2023-08-27 13:02:13.214 [info] > git rev-parse --show-toplevel [15ms]
2023-08-27 13:02:13.215 [info] fatal: not a git repository (or any parent up to mount point /root)
Stopping at filesystem boundary (GIT_DISCOVERY_ACROSS_FILESYSTEM not set).
2023-08-27 13:02:18.171 [info] > git rev-parse --show-toplevel [18ms]
2023-08-27 13:02:18.172 [info] fatal: not a git repository (or any parent up to mount point /root)
Stopping at filesystem boundary (GIT_DISCOVERY_ACROSS_FILESYSTEM not set).
2023-08-27 13:02:48.943 [info] > git rev-parse --show-toplevel [104ms]
2023-08-27 13:02:48.946 [info] fatal: not a git repository (or any parent up to mount point /root)
Stopping at filesystem boundary (GIT_DISCOVERY_ACROSS_FILESYSTEM not set).
2023-08-27 13:02:55.051 [info] > git rev-parse --show-toplevel [11ms]
2023-08-27 13:02:55.052 [info] fatal: not a git repository (or any parent up to mount point /root)
Stopping at filesystem boundary (GIT_DISCOVERY_ACROSS_FILESYSTEM not set).
2023-08-27 13:03:06.752 [info] > git rev-parse --show-toplevel [8ms]
2023-08-27 13:03:06.753 [info] fatal: not a git repository (or any parent up to mount point /root)
Stopping at filesystem boundary (GIT_DISCOVERY_ACROSS_FILESYSTEM not set).
2023-08-27 13:03:13.856 [info] > git rev-parse --show-toplevel [7ms]
2023-08-27 13:03:13.857 [info] fatal: not a git repository (or any parent up to mount point /root)
Stopping at filesystem boundary (GIT_DISCOVERY_ACROSS_FILESYSTEM not set).
2023-08-27 13:05:10.742 [info] > git rev-parse --show-toplevel [17ms]
2023-08-27 13:05:10.752 [info] fatal: not a git repository (or any parent up to mount point /root)
Stopping at filesystem boundary (GIT_DISCOVERY_ACROSS_FILESYSTEM not set).
2023-08-27 13:05:13.775 [info] > git rev-parse --show-toplevel [40ms]
2023-08-27 13:05:13.814 [info] fatal: not a git repository (or any parent up to mount point /root)
Stopping at filesystem boundary (GIT_DISCOVERY_ACROSS_FILESYSTEM not set).
2023-08-27 13:05:23.342 [info] > git rev-parse --show-toplevel [11ms]
2023-08-27 13:05:23.343 [info] fatal: not a git repository (or any parent up to mount point /root)
Stopping at filesystem boundary (GIT_DISCOVERY_ACROSS_FILESYSTEM not set).
2023-08-27 13:05:27.793 [info] > git rev-parse --show-toplevel [13ms]
2023-08-27 13:05:27.794 [info] fatal: not a git repository (or any parent up to mount point /root)
Stopping at filesystem boundary (GIT_DISCOVERY_ACROSS_FILESYSTEM not set).
2023-08-27 13:06:15.109 [info] > git rev-parse --show-toplevel [16ms]
2023-08-27 13:06:15.115 [info] fatal: not a git repository (or any parent up to mount point /root)
Stopping at filesystem boundary (GIT_DISCOVERY_ACROSS_FILESYSTEM not set).
2023-08-27 13:09:09.204 [info] > git rev-parse --show-toplevel [18ms]
2023-08-27 13:09:09.205 [info] fatal: not a git repository (or any parent up to mount point /root)
Stopping at filesystem boundary (GIT_DISCOVERY_ACROSS_FILESYSTEM not set).
2023-08-27 13:10:36.624 [info] > git rev-parse --show-toplevel [7ms]
2023-08-27 13:10:36.624 [info] fatal: not a git repository (or any parent up to mount point /root)
Stopping at filesystem boundary (GIT_DISCOVERY_ACROSS_FILESYSTEM not set).
2023-08-27 13:12:11.064 [info] > git rev-parse --show-toplevel [16ms]
2023-08-27 13:12:11.114 [info] fatal: not a git repository (or any parent up to mount point /root)
Stopping at filesystem boundary (GIT_DISCOVERY_ACROSS_FILESYSTEM not set).
2023-08-27 13:12:20.586 [info] > git rev-parse --show-toplevel [18ms]
2023-08-27 13:12:20.586 [info] fatal: not a git repository (or any parent up to mount point /root)
Stopping at filesystem boundary (GIT_DISCOVERY_ACROSS_FILESYSTEM not set).
2023-08-27 13:12:23.250 [info] > git rev-parse --show-toplevel [46ms]
2023-08-27 13:12:23.251 [info] fatal: not a git repository (or any parent up to mount point /root)
Stopping at filesystem boundary (GIT_DISCOVERY_ACROSS_FILESYSTEM not set).
2023-08-27 13:12:34.141 [info] > git rev-parse --show-toplevel [17ms]
2023-08-27 13:12:34.142 [info] fatal: not a git repository (or any parent up to mount point /root)
Stopping at filesystem boundary (GIT_DISCOVERY_ACROSS_FILESYSTEM not set).
2023-08-27 13:12:39.228 [info] > git rev-parse --show-toplevel [7ms]
2023-08-27 13:12:39.229 [info] fatal: not a git repository (or any parent up to mount point /root)
Stopping at filesystem boundary (GIT_DISCOVERY_ACROSS_FILESYSTEM not set).
2023-08-27 13:12:43.330 [info] > git rev-parse --show-toplevel [16ms]
2023-08-27 13:12:43.331 [info] fatal: not a git repository (or any parent up to mount point /root)
Stopping at filesystem boundary (GIT_DISCOVERY_ACROSS_FILESYSTEM not set).
2023-08-27 13:12:50.196 [info] > git rev-parse --show-toplevel [38ms]
2023-08-27 13:12:50.197 [info] fatal: not a git repository (or any parent up to mount point /root)
Stopping at filesystem boundary (GIT_DISCOVERY_ACROSS_FILESYSTEM not set).
2023-08-27 13:13:11.911 [info] > git rev-parse --show-toplevel [6ms]
2023-08-27 13:13:11.911 [info] fatal: not a git repository (or any parent up to mount point /root)
Stopping at filesystem boundary (GIT_DISCOVERY_ACROSS_FILESYSTEM not set).
2023-08-27 13:13:16.425 [info] > git rev-parse --show-toplevel [34ms]
2023-08-27 13:13:16.426 [info] fatal: not a git repository (or any parent up to mount point /root)
Stopping at filesystem boundary (GIT_DISCOVERY_ACROSS_FILESYSTEM not set).
2023-08-27 13:13:19.495 [info] > git rev-parse --show-toplevel [10ms]
2023-08-27 13:13:19.495 [info] fatal: not a git repository (or any parent up to mount point /root)
Stopping at filesystem boundary (GIT_DISCOVERY_ACROSS_FILESYSTEM not set).
2023-08-27 13:13:23.560 [info] > git rev-parse --show-toplevel [8ms]
2023-08-27 13:13:23.561 [info] fatal: not a git repository (or any parent up to mount point /root)
Stopping at filesystem boundary (GIT_DISCOVERY_ACROSS_FILESYSTEM not set).
2023-08-27 13:13:39.336 [info] > git rev-parse --show-toplevel [37ms]
2023-08-27 13:13:39.342 [info] fatal: not a git repository (or any parent up to mount point /root)
Stopping at filesystem boundary (GIT_DISCOVERY_ACROSS_FILESYSTEM not set).
2023-08-27 13:13:41.637 [info] > git rev-parse --show-toplevel [22ms]
2023-08-27 13:13:41.640 [info] fatal: not a git repository (or any parent up to mount point /root)
Stopping at filesystem boundary (GIT_DISCOVERY_ACROSS_FILESYSTEM not set).
2023-08-27 13:13:43.950 [info] > git rev-parse --show-toplevel [48ms]
2023-08-27 13:13:43.952 [info] fatal: not a git repository (or any parent up to mount point /root)
Stopping at filesystem boundary (GIT_DISCOVERY_ACROSS_FILESYSTEM not set).
2023-08-27 13:13:48.364 [info] > git rev-parse --show-toplevel [14ms]
2023-08-27 13:13:48.388 [info] fatal: not a git repository (or any parent up to mount point /root)
Stopping at filesystem boundary (GIT_DISCOVERY_ACROSS_FILESYSTEM not set).
2023-08-27 13:14:28.767 [info] > git rev-parse --show-toplevel [9ms]
2023-08-27 13:14:28.767 [info] fatal: not a git repository (or any parent up to mount point /root)
Stopping at filesystem boundary (GIT_DISCOVERY_ACROSS_FILESYSTEM not set).
2023-08-27 13:14:34.016 [info] > git rev-parse --show-toplevel [28ms]
2023-08-27 13:14:34.017 [info] fatal: not a git repository (or any parent up to mount point /root)
Stopping at filesystem boundary (GIT_DISCOVERY_ACROSS_FILESYSTEM not set).
2023-08-27 13:14:37.920 [info] > git rev-parse --show-toplevel [9ms]
2023-08-27 13:14:37.928 [info] fatal: not a git repository (or any parent up to mount point /root)
Stopping at filesystem boundary (GIT_DISCOVERY_ACROSS_FILESYSTEM not set).
2023-08-27 13:14:40.669 [info] > git rev-parse --show-toplevel [27ms]
2023-08-27 13:14:40.670 [info] fatal: not a git repository (or any parent up to mount point /root)
Stopping at filesystem boundary (GIT_DISCOVERY_ACROSS_FILESYSTEM not set).
2023-08-27 13:14:49.423 [info] > git rev-parse --show-toplevel [9ms]
2023-08-27 13:14:49.424 [info] fatal: not a git repository (or any parent up to mount point /root)
Stopping at filesystem boundary (GIT_DISCOVERY_ACROSS_FILESYSTEM not set).
2023-08-27 13:15:08.464 [info] > git rev-parse --show-toplevel [11ms]
2023-08-27 13:15:08.465 [info] fatal: not a git repository (or any parent up to mount point /root)
Stopping at filesystem boundary (GIT_DISCOVERY_ACROSS_FILESYSTEM not set).
2023-08-27 13:16:02.530 [info] > git rev-parse --show-toplevel [16ms]
2023-08-27 13:16:02.530 [info] fatal: not a git repository (or any parent up to mount point /root)
Stopping at filesystem boundary (GIT_DISCOVERY_ACROSS_FILESYSTEM not set).
2023-08-27 13:17:29.457 [info] > git rev-parse --show-toplevel [7ms]
2023-08-27 13:17:29.458 [info] fatal: not a git repository (or any parent up to mount point /root)
Stopping at filesystem boundary (GIT_DISCOVERY_ACROSS_FILESYSTEM not set).
2023-08-27 13:20:01.075 [info] > git rev-parse --show-toplevel [12ms]
2023-08-27 13:20:01.082 [info] fatal: not a git repository (or any parent up to mount point /root)
Stopping at filesystem boundary (GIT_DISCOVERY_ACROSS_FILESYSTEM not set).
2023-08-27 13:21:02.617 [info] > git rev-parse --show-toplevel [11ms]
2023-08-27 13:21:02.617 [info] fatal: not a git repository (or any parent up to mount point /root)
Stopping at filesystem boundary (GIT_DISCOVERY_ACROSS_FILESYSTEM not set).
2023-08-27 13:21:06.040 [info] > git rev-parse --show-toplevel [5ms]
2023-08-27 13:21:06.040 [info] fatal: not a git repository (or any parent up to mount point /root)
Stopping at filesystem boundary (GIT_DISCOVERY_ACROSS_FILESYSTEM not set).
2023-08-27 13:22:37.740 [info] > git rev-parse --show-toplevel [8ms]
2023-08-27 13:22:37.741 [info] fatal: not a git repository (or any parent up to mount point /root)
Stopping at filesystem boundary (GIT_DISCOVERY_ACROSS_FILESYSTEM not set).
2023-08-27 13:23:42.886 [info] > git rev-parse --show-toplevel [17ms]
2023-08-27 13:23:42.887 [info] fatal: not a git repository (or any parent up to mount point /root)
Stopping at filesystem boundary (GIT_DISCOVERY_ACROSS_FILESYSTEM not set).
