2023-08-26 06:20:51.131 [info] Extension host with pid 329 started
2023-08-26 06:20:51.290 [info] ExtensionService#_doActivateExtension vscode.ipynb, startup: false, activationEvent: 'onNotebookSerializer:jupyter-notebook'
2023-08-26 06:20:51.600 [info] Lock '/root/.vscode-server/data/User/workspaceStorage/e3f3d8c076f1c9b644976edbf4144c46/vscode.lock': Lock acquired.
2023-08-26 06:20:51.688 [info] ExtensionService#_doActivateExtension vscode.git-base, startup: true, activationEvent: '*', root cause: vscode.git
2023-08-26 06:20:51.857 [info] ExtensionService#_doActivateExtension vscode.git, startup: true, activationEvent: '*'
2023-08-26 06:20:51.864 [info] ExtensionService#_doActivateExtension vscode.github, startup: true, activationEvent: '*'
2023-08-26 06:20:53.189 [info] Eager extensions activated
2023-08-26 06:20:53.190 [info] ExtensionService#_doActivateExtension vscode.debug-auto-launch, startup: false, activationEvent: 'onStartupFinished'
2023-08-26 06:20:53.193 [info] ExtensionService#_doActivateExtension vscode.merge-conflict, startup: false, activationEvent: 'onStartupFinished'
2023-08-26 06:23:52.293 [info] ExtensionService#_doActivateExtension ms-python.python, startup: false, activationEvent: 'onLanguage:python'
2023-08-26 06:23:52.295 [info] ExtensionService#_doActivateExtension vscode.emmet, startup: false, activationEvent: 'onLanguage'
2023-08-26 06:23:53.765 [info] ExtensionService#_doActivateExtension ms-python.vscode-pylance, startup: false, activationEvent: 'onLanguage:python'
2023-08-26 06:25:01.886 [info] ExtensionService#_doActivateExtension ms-toolsai.vscode-jupyter-slideshow, startup: false, activationEvent: 'onNotebook:jupyter-notebook'
2023-08-26 06:25:01.908 [info] ExtensionService#_doActivateExtension ms-toolsai.vscode-jupyter-cell-tags, startup: false, activationEvent: 'onNotebook:jupyter-notebook'
2023-08-26 06:25:01.927 [info] ExtensionService#_doActivateExtension ms-toolsai.jupyter-renderers, startup: false, activationEvent: 'onNotebook:*'
2023-08-26 06:25:01.935 [info] ExtensionService#_doActivateExtension ms-toolsai.jupyter, startup: false, activationEvent: 'onLanguage:python'
2023-08-26 06:25:31.916 [error] Error: Module 'pip' not installed.
	at Jd.execModule (/root/.vscode-server/extensions/ms-toolsai.jupyter-2023.7.1002162226-linux-x64/out/extension.node.js:7:40513)
	at async Ed.getPackageInformation (/root/.vscode-server/extensions/ms-toolsai.jupyter-2023.7.1002162226-linux-x64/out/extension.node.js:7:31745)
2023-08-26 06:26:30.096 [info] Extension host terminating: received terminate message from renderer
2023-08-26 06:26:30.131 [info] Lock '/root/.vscode-server/data/User/workspaceStorage/e3f3d8c076f1c9b644976edbf4144c46/vscode.lock': Marking the lockfile as scheduled to be released in 6000 ms.
2023-08-26 06:26:30.623 [error] Error: The kernel died. Error: /bin/python3: No module named ipykernel_launcher... View Jupyter [log](command:jupyter.viewOutput) for further details.
	at ChildProcess.<anonymous> (/root/.vscode-server/extensions/ms-toolsai.jupyter-2023.7.1002162226-linux-x64/out/extension.node.js:24:91039)
	at ChildProcess.emit (node:events:525:35)
	at Process.ChildProcess._handle.onexit (node:internal/child_process:291:12)
2023-08-26 06:26:30.703 [info] Extension host with pid 329 exiting with code 0
