2023-08-27 12:57:12.825 [info] [Info  - 12:57:02 PM] (688) Pylance language server 2023.8.40 (pyright 03f79a81) starting
2023-08-27 12:57:14.831 [info] [Info  - 12:57:14 PM] (688) Server root directory: /root/.vscode-server/extensions/ms-python.vscode-pylance-2023.8.40/dist
2023-08-27 12:57:14.851 [info] [Info  - 12:57:14 PM] (688) Starting service instance "root"
2023-08-27 12:57:18.597 [info] [Info  - 12:57:18 PM] (688) Setting pythonPath for service "root": "/usr/local/bin/python"
2023-08-27 12:57:18.649 [info] [Warn  - 12:57:18 PM] (688) stubPath /root/typings is not a valid directory.
2023-08-27 12:57:19.431 [info] [Info  - 12:57:19 PM] (688) Assuming Python version 3.11
2023-08-27 12:57:32.082 [info] [Info  - 12:57:32 PM] (688) Found 2 source files
2023-08-27 12:57:42.878 [info] [Info  - 12:57:42 PM] (688) [BG(1)] Long operation: parsing: /root/source_code/app.py (6978ms)
2023-08-27 12:57:43.891 [info] [Info  - 12:57:43 PM] (688) [BG(1)] Long operation: indexing: /root/source_code/app.py (7995ms)
2023-08-27 12:57:53.005 [info] [Info  - 12:57:53 PM] (688) [BG(1)] Long operation: checking: /root/source_code/app.py (7711ms)
2023-08-27 12:57:53.007 [info] [Info  - 12:57:53 PM] (688) [BG(1)] Long operation: analyzing: /root/source_code/app.py (7712ms)
2023-08-27 12:57:55.968 [info] [Info  - 12:57:55 PM] (688) [BG(1)] Long operation: analyzing: /root/source_code/Car_Price_Prediction.ipynb:pylance-notebook-cell:Y306sdnNjb2RlLXJlbW90ZQ==.py (2896ms)
2023-08-27 12:58:02.114 [info] [Info  - 12:58:02 PM] (688) [BG(1)] Long operation: checking: /root/source_code/Car_Price_Prediction.ipynb:pylance-notebook-cell:Y304sdnNjb2RlLXJlbW90ZQ==.py (6123ms)
2023-08-27 12:58:02.116 [info] [Info  - 12:58:02 PM] (688) [BG(1)] Long operation: analyzing: /root/source_code/Car_Price_Prediction.ipynb:pylance-notebook-cell:Y304sdnNjb2RlLXJlbW90ZQ==.py (6130ms)
2023-08-27 12:58:09.066 [info] [Info  - 12:58:09 PM] (688) [BG(1)] Long operation: parsing: /root/.vscode-server/extensions/ms-python.vscode-pylance-2023.8.40/dist/bundled/stubs/sklearn/utils/__init__.pyi (4349ms)
2023-08-27 12:58:09.807 [info] [Info  - 12:58:09 PM] (688) [BG(1)] Long operation: checking: /root/source_code/Car_Price_Prediction.ipynb:pylance-notebook-cell:Y301sdnNjb2RlLXJlbW90ZQ==.py (7545ms)
2023-08-27 12:58:09.808 [info] [Info  - 12:58:09 PM] (688) [BG(1)] Long operation: analyzing: /root/source_code/Car_Price_Prediction.ipynb:pylance-notebook-cell:Y301sdnNjb2RlLXJlbW90ZQ==.py (7545ms)
2023-08-27 12:58:12.551 [info] [Info  - 12:58:12 PM] (688) [BG(1)] Long operation: checking: /root/source_code/Car_Price_Prediction.ipynb:pylance-notebook-cell:Y265sdnNjb2RlLXJlbW90ZQ==.py (2731ms)
2023-08-27 12:58:12.559 [info] [Info  - 12:58:12 PM] (688) [BG(1)] Long operation: analyzing: /root/source_code/Car_Price_Prediction.ipynb:pylance-notebook-cell:Y265sdnNjb2RlLXJlbW90ZQ==.py (2731ms)
2023-08-27 12:58:15.814 [info] [Info  - 12:58:15 PM] (688) [IDX(2)] Long operation: scan packages /root (37078ms)
2023-08-27 12:58:21.508 [info] [Info  - 12:58:21 PM] (688) [IDX(2)] Long operation: index packages /root (2443ms)
2023-08-27 12:58:24.723 [info] [Info  - 12:58:24 PM] (688) [BG(1)] Long operation: checking: /root/source_code/Car_Price_Prediction.ipynb:pylance-notebook-cell:Y151sdnNjb2RlLXJlbW90ZQ==.py (3983ms)
2023-08-27 12:58:24.725 [info] [Info  - 12:58:24 PM] (688) [BG(1)] Long operation: analyzing: /root/source_code/Car_Price_Prediction.ipynb:pylance-notebook-cell:Y151sdnNjb2RlLXJlbW90ZQ==.py (3983ms)
2023-08-27 12:58:24.809 [info] [Info  - 12:58:24 PM] (688) [BG(1)] Long operation: checking: /root/source_code/Car_Price_Prediction.ipynb:pylance-notebook-cell:Y125sdnNjb2RlLXJlbW90ZQ==.py (2578ms)
2023-08-27 12:58:24.811 [info] [Info  - 12:58:24 PM] (688) [BG(1)] Long operation: analyzing: /root/source_code/Car_Price_Prediction.ipynb:pylance-notebook-cell:Y125sdnNjb2RlLXJlbW90ZQ==.py (2578ms)
2023-08-27 12:58:28.538 [info] [Info  - 12:58:28 PM] (688) [BG(1)] Long operation: analyzing: /root/source_code/Car_Price_Prediction.ipynb:pylance-notebook-cell:pylancePrefixCell.py (35466ms)
