2023-08-27 12:56:56.076 [info] Experiment 'pythonPromptNewFormatterExt' is active
2023-08-27 12:56:56.077 [info] Experiment 'pythonPromptNewToolsExt' is active
2023-08-27 12:56:56.077 [info] Test server listening.
2023-08-27 12:56:56.078 [info] Python interpreter path: /usr/local/bin/python
2023-08-27 12:56:58.820 [info] > conda info --json
2023-08-27 12:57:15.733 [info] Starting Pylance language server.
2023-08-27 13:11:07.258 [info] Discover tests for workspace name: root - uri: /root/source_code/app.py
2023-08-27 13:11:12.606 [info] Send text to terminal: /usr/local/bin/python /root/source_code/app.py
2023-08-27 13:13:33.624 [info] Discover tests for workspace name: root - uri: /root/source_code/app.py
2023-08-27 13:13:52.309 [info] Send text to terminal: /usr/local/bin/python /root/source_code/app.py
2023-08-27 13:15:19.130 [info] Discover tests for workspace name: root - uri: /root/source_code/app.py
2023-08-27 13:16:06.650 [info] Found: /bin/python3 --> /bin/python3.11
2023-08-27 13:16:06.661 [info] Found: /bin/python3.11 --> /bin/python3.11
2023-08-27 13:16:06.740 [info] Found: /usr/bin/python3 --> /usr/bin/python3.11
2023-08-27 13:16:06.743 [info] Found: /usr/bin/python3.11 --> /usr/bin/python3.11
2023-08-27 13:16:06.852 [info] Found: /usr/local/bin/python --> /usr/local/bin/python3.11
2023-08-27 13:16:06.857 [info] Found: /usr/local/bin/python3 --> /usr/local/bin/python3.11
2023-08-27 13:16:06.881 [info] Found: /usr/local/bin/python3.11 --> /usr/local/bin/python3.11
2023-08-27 13:16:07.378 [info] > /bin/python3 -I ./.vscode-server/extensions/ms-python.python-2023.14.0/pythonFiles/get_output_via_markers.py ./.vscode-server/extensions/ms-python.python-2023.14.0/pythonFiles/interpreterInfo.py
2023-08-27 13:16:07.536 [info] > /usr/bin/python3 -I ./.vscode-server/extensions/ms-python.python-2023.14.0/pythonFiles/get_output_via_markers.py ./.vscode-server/extensions/ms-python.python-2023.14.0/pythonFiles/interpreterInfo.py
2023-08-27 13:16:07.916 [info] > /usr/local/bin/python -I ./.vscode-server/extensions/ms-python.python-2023.14.0/pythonFiles/get_output_via_markers.py ./.vscode-server/extensions/ms-python.python-2023.14.0/pythonFiles/interpreterInfo.py
2023-08-27 13:20:03.823 [info] Send text to terminal: /usr/local/bin/python /root/source_code/app.py
2023-08-27 13:22:07.796 [info] Send text to terminal: /usr/local/bin/python /root/source_code/predict_car_price.py
2023-08-27 13:22:39.055 [info] Send text to terminal: /usr/local/bin/python /root/source_code/app.py
2023-08-27 13:23:12.036 [info] Send text to terminal: /usr/local/bin/python /root/source_code/app.py
