2023-08-27 12:56:38.922 [info] Extension host with pid 348 started
2023-08-27 12:56:39.543 [info] ExtensionService#_doActivateExtension vscode.ipynb, startup: false, activationEvent: 'onNotebookSerializer:jupyter-notebook'
2023-08-27 12:56:39.556 [info] ExtensionService#_doActivateExtension vscode.emmet, startup: false, activationEvent: 'onLanguage'
2023-08-27 12:56:39.575 [info] ExtensionService#_doActivateExtension vscode.html-language-features, startup: false, activationEvent: 'onLanguage:html'
2023-08-27 12:56:41.427 [info] ExtensionService#_doActivateExtension vscode.git-base, startup: true, activationEvent: '*', root cause: vscode.git
2023-08-27 12:56:41.639 [info] Lock '/root/.vscode-server/data/User/workspaceStorage/e3f3d8c076f1c9b644976edbf4144c46/vscode.lock': Lock acquired.
2023-08-27 12:56:41.979 [info] ExtensionService#_doActivateExtension vscode.git, startup: true, activationEvent: '*'
2023-08-27 12:56:41.980 [info] ExtensionService#_doActivateExtension vscode.github, startup: true, activationEvent: '*'
2023-08-27 12:56:44.111 [info] Eager extensions activated
2023-08-27 12:56:44.113 [info] ExtensionService#_doActivateExtension vscode.debug-auto-launch, startup: false, activationEvent: 'onStartupFinished'
2023-08-27 12:56:44.124 [info] ExtensionService#_doActivateExtension vscode.merge-conflict, startup: false, activationEvent: 'onStartupFinished'
2023-08-27 12:56:45.460 [info] ExtensionService#_doActivateExtension ms-toolsai.jupyter, startup: false, activationEvent: 'onNotebook:jupyter-notebook'
2023-08-27 12:56:45.472 [info] ExtensionService#_doActivateExtension ms-toolsai.vscode-jupyter-cell-tags, startup: false, activationEvent: 'onNotebook:jupyter-notebook'
2023-08-27 12:56:45.474 [info] ExtensionService#_doActivateExtension ms-toolsai.vscode-jupyter-slideshow, startup: false, activationEvent: 'onNotebook:jupyter-notebook'
2023-08-27 12:56:45.475 [info] ExtensionService#_doActivateExtension ms-toolsai.jupyter-renderers, startup: false, activationEvent: 'onNotebook:*'
2023-08-27 12:56:51.093 [info] ExtensionService#_doActivateExtension ms-python.python, startup: false, activationEvent: 'api', root cause: ms-toolsai.jupyter
2023-08-27 12:56:53.898 [info] ExtensionService#_doActivateExtension ms-python.vscode-pylance, startup: false, activationEvent: 'api', root cause: ms-python.python
2023-08-27 13:25:35.503 [info] Extension host terminating: received terminate message from renderer
2023-08-27 13:25:35.512 [info] Lock '/root/.vscode-server/data/User/workspaceStorage/e3f3d8c076f1c9b644976edbf4144c46/vscode.lock': Marking the lockfile as scheduled to be released in 6000 ms.
2023-08-27 13:25:36.211 [info] Extension host with pid 348 exiting with code 0
