Visual Studio Code (1.81.1, attached-container, desktop)
Jupyter Extension Version: 2023.7.1002162226.
Python Extension Version: 2023.14.0.
Platform: linux (x64).
Workspace folder /root, Home = /root
06:25:04.788 [info] User belongs to experiment group 'FastKernelPicker'
06:25:04.788 [info] User belongs to experiment group 'NewRemoteUriStorage'
06:25:04.789 [info] User belongs to experiment group 'PasswordManager'
06:25:04.789 [info] User belongs to experiment group 'NewJupyterSession'
06:25:05.684 [info] Start refreshing Kernel Picker (1693031105684)
06:25:05.692 [info] Using Pylance
06:25:05.782 [info] Process Execution: /jupyter notebook --version
06:25:05.819 [info] Process Execution: /jupyter lab --version
06:25:06.030 [warn] Failed to get activated env vars for /usr/local/bin/python in 287ms
06:25:06.065 [info] Process Execution: /usr/local/bin/python -c "import site;print("USER_BASE_VALUE");print(site.USER_BASE);print("USER_BASE_VALUE");"
06:25:06.495 [info] Process Execution: /usr/local/bin/python -m pip list
06:25:06.675 [warn] No interpreter for Pylance for Notebook URI "~/source_code/Car_Price_Prediction.ipynb"
06:25:06.887 [info] End refreshing Kernel Picker (1693031105684)
06:25:29.494 [info] Handle Execution of Cells 1 for ~/source_code/Car_Price_Prediction.ipynb
06:25:29.533 [info] Starting Kernel startUsingPythonInterpreter, .jvsc74a57bd0916dbcbb3f70747c44a77c7bcd40155683ae19c65e1c03b4aa3499c5328201f1./bin/python3./bin/python3.-m#ipykernel_launcher  (Python Path: /bin/python3, Unknown, 3.11.2) for '~/source_code/Car_Price_Prediction.ipynb' (disableUI=false)
06:25:29.936 [warn] Failed to get activated env vars for /bin/python3 in 483ms
06:25:29.985 [info] Process Execution: /bin/python3 -c "import site;print("USER_BASE_VALUE");print(site.USER_BASE);print("USER_BASE_VALUE");"
06:25:30.132 [info] Process Execution: /bin/python3 -m pip list
06:25:30.376 [warn] Failed to get activated env vars for /bin/python3 in 811ms
06:25:30.419 [info] Process Execution: /bin/python3 -c "import ipykernel; print(ipykernel.__version__); print("5dc3a68c-e34e-4080-9c3e-2a532b2ccb4d"); print(ipykernel.__file__)"
06:25:30.549 [info] Process Execution: /bin/python3 -c "import pip;print('6af208d0-cb9c-427f-b937-ff563e17efdf')"
06:25:30.567 [warn] Stderr output when getting ipykernel version & path Traceback (most recent call last):
    File "<string>", line 1, in <module>
    ModuleNotFoundError: No module named 'ipykernel' for /bin/python3
06:25:30.964 [info] Process Execution: /bin/python3 -m ipykernel_launcher --ip=127.0.0.1 --stdin=9003 --control=9001 --hb=9000 --Session.signature_scheme="hmac-sha256" --Session.key=b"89c46cea-b490-45a2-931d-a3416cb05a40" --shell=9002 --transport="tcp" --iopub=9004 --f=~/.local/share/jupyter/runtime/kernel-v2-329kATz3DzG7cQT.json
    > cwd: ~/source_code
06:25:31.091 [warn] StdErr from Kernel Process /bin/python3: No module named ipykernel_launcher
06:25:31.131 [error] Disposing kernel process due to an error Error: The kernel died. Error: /bin/python3: No module named ipykernel_launcher... View Jupyter [log](command:jupyter.viewOutput) for further details.
    > Kernel Id = .jvsc74a57bd0916dbcbb3f70747c44a77c7bcd40155683ae19c65e1c03b4aa3499c5328201f1./bin/python3./bin/python3.-m#ipykernel_launcher
    > Interpreter Id = /bin/python3
    > at ChildProcess.<anonymous> (~/.vscode-server/extensions/ms-toolsai.jupyter-2023.7.1002162226-linux-x64/out/extension.node.js:24:91039)
    > stdErr = /bin/python3: No module named ipykernel_launcher
06:25:31.131 [info] Dispose Kernel process 3344.
06:25:31.141 [error] Kernel Launcher. launch, Class name = Ky, completed in 1576ms, has a falsy return value, Arg 1: ".jvsc74a57bd0916dbcbb3f70747c44a77c7bcd40155683ae19c65e1c03b4aa3499c5328201f1./bin/python3./bin/python3.-m#ipykernel_launcher", Arg 2: 60000, Arg 3: "~/source_code/Car_Price_Prediction.ipynb", Arg 4: "~/source_code", Arg 5: "" Error: The kernel died. Error: /bin/python3: No module named ipykernel_launcher... View Jupyter [log](command:jupyter.viewOutput) for further details.
    > Kernel Id = .jvsc74a57bd0916dbcbb3f70747c44a77c7bcd40155683ae19c65e1c03b4aa3499c5328201f1./bin/python3./bin/python3.-m#ipykernel_launcher
    > Interpreter Id = /bin/python3
    > at ChildProcess.<anonymous> (~/.vscode-server/extensions/ms-toolsai.jupyter-2023.7.1002162226-linux-x64/out/extension.node.js:24:91039)
    > stdErr = /bin/python3: No module named ipykernel_launcher
06:25:31.143 [error] Failed to connect raw kernel session: Error: The kernel died. Error: /bin/python3: No module named ipykernel_launcher... View Jupyter [log](command:jupyter.viewOutput) for further details.
06:25:31.152 [warn] Error occurred while trying to start the kernel, options.disableUI=false Error: The kernel died. Error: /bin/python3: No module named ipykernel_launcher... View Jupyter [log](command:jupyter.viewOutput) for further details.
    > Kernel Id = .jvsc74a57bd0916dbcbb3f70747c44a77c7bcd40155683ae19c65e1c03b4aa3499c5328201f1./bin/python3./bin/python3.-m#ipykernel_launcher
    > Interpreter Id = /bin/python3
    > at ChildProcess.<anonymous> (~/.vscode-server/extensions/ms-toolsai.jupyter-2023.7.1002162226-linux-x64/out/extension.node.js:24:91039)
    > stdErr = /bin/python3: No module named ipykernel_launcher
06:25:31.154 [warn] Kernel Error, context = start Error: The kernel died. Error: /bin/python3: No module named ipykernel_launcher... View Jupyter [log](command:jupyter.viewOutput) for further details.
    > Kernel Id = .jvsc74a57bd0916dbcbb3f70747c44a77c7bcd40155683ae19c65e1c03b4aa3499c5328201f1./bin/python3./bin/python3.-m#ipykernel_launcher
    > Interpreter Id = /bin/python3
    > at ChildProcess.<anonymous> (~/.vscode-server/extensions/ms-toolsai.jupyter-2023.7.1002162226-linux-x64/out/extension.node.js:24:91039)
    > stdErr = /bin/python3: No module named ipykernel_launcher
06:25:31.201 [info] Process Execution: /bin/python3 -c "import ipykernel;print('6af208d0-cb9c-427f-b937-ff563e17efdf')"
06:25:31.473 [info] Check & install missing Kernel dependencies for /bin/python3, ui.disabled=false for resource '~/source_code/Car_Price_Prediction.ipynb'
06:25:31.513 [info] Process Execution: /bin/python3 -c "import ipykernel;print('6af208d0-cb9c-427f-b937-ff563e17efdf')"
06:25:31.647 [info] Process Execution: /bin/python3 -c "import pip;print('6af208d0-cb9c-427f-b937-ff563e17efdf')"
06:25:36.870 [info] Process Execution: /bin/python3 -c "import pip;print('6af208d0-cb9c-427f-b937-ff563e17efdf')"
06:25:42.820 [info] Dispose Kernel '~/source_code/Car_Price_Prediction.ipynb' associated with '~/source_code/Car_Price_Prediction.ipynb'
06:25:42.824 [error] Error in execution Error: The kernel died. Error: /bin/python3: No module named ipykernel_launcher... View Jupyter [log](command:jupyter.viewOutput) for further details.
    > Kernel Id = .jvsc74a57bd0916dbcbb3f70747c44a77c7bcd40155683ae19c65e1c03b4aa3499c5328201f1./bin/python3./bin/python3.-m#ipykernel_launcher
    > Interpreter Id = /bin/python3
    > at ChildProcess.<anonymous> (~/.vscode-server/extensions/ms-toolsai.jupyter-2023.7.1002162226-linux-x64/out/extension.node.js:24:91039)
    > stdErr = /bin/python3: No module named ipykernel_launcher
06:25:42.827 [error] Error in execution (get message for cell) Error: The kernel died. Error: /bin/python3: No module named ipykernel_launcher... View Jupyter [log](command:jupyter.viewOutput) for further details.
    > Kernel Id = .jvsc74a57bd0916dbcbb3f70747c44a77c7bcd40155683ae19c65e1c03b4aa3499c5328201f1./bin/python3./bin/python3.-m#ipykernel_launcher
    > Interpreter Id = /bin/python3
    > at ChildProcess.<anonymous> (~/.vscode-server/extensions/ms-toolsai.jupyter-2023.7.1002162226-linux-x64/out/extension.node.js:24:91039)
    > stdErr = /bin/python3: No module named ipykernel_launcher
06:25:42.865 [info] Process Execution: /bin/python3 -c "import ipykernel;print('6af208d0-cb9c-427f-b937-ff563e17efdf')"
06:25:43.200 [info] End cell 1 execution @ undefined, started @ undefined, elapsed time = 0s
06:25:45.747 [info] Handle Execution of Cells 1 for ~/source_code/Car_Price_Prediction.ipynb
06:25:45.769 [info] Starting Kernel startUsingPythonInterpreter, .jvsc74a57bd0916dbcbb3f70747c44a77c7bcd40155683ae19c65e1c03b4aa3499c5328201f1./bin/python3./bin/python3.-m#ipykernel_launcher  (Python Path: /bin/python3, Unknown, 3.11.2) for '~/source_code/Car_Price_Prediction.ipynb' (disableUI=false)
06:25:45.840 [info] Process Execution: /bin/python3 -c "import ipykernel; print(ipykernel.__version__); print("5dc3a68c-e34e-4080-9c3e-2a532b2ccb4d"); print(ipykernel.__file__)"
06:25:45.952 [warn] Stderr output when getting ipykernel version & path Traceback (most recent call last):
    File "<string>", line 1, in <module>
    ModuleNotFoundError: No module named 'ipykernel' for /bin/python3
06:25:45.996 [info] Process Execution: /bin/python3 -m ipykernel_launcher --ip=127.0.0.1 --stdin=9011 --control=9009 --hb=9008 --Session.signature_scheme="hmac-sha256" --Session.key=b"90b3970e-f8ef-486d-ba39-0c569a394c76" --shell=9010 --transport="tcp" --iopub=9012 --f=~/.local/share/jupyter/runtime/kernel-v2-3295JnzHPmAVXZX.json
    > cwd: ~/source_code
06:25:46.173 [warn] StdErr from Kernel Process /bin/python3: No module named ipykernel_launcher
06:25:46.188 [error] Disposing kernel process due to an error Error: The kernel died. Error: /bin/python3: No module named ipykernel_launcher... View Jupyter [log](command:jupyter.viewOutput) for further details.
    > Kernel Id = .jvsc74a57bd0916dbcbb3f70747c44a77c7bcd40155683ae19c65e1c03b4aa3499c5328201f1./bin/python3./bin/python3.-m#ipykernel_launcher
    > Interpreter Id = /bin/python3
    > at ChildProcess.<anonymous> (~/.vscode-server/extensions/ms-toolsai.jupyter-2023.7.1002162226-linux-x64/out/extension.node.js:24:91039)
    > stdErr = /bin/python3: No module named ipykernel_launcher
06:25:46.188 [info] Dispose Kernel process 3486.
06:25:46.197 [error] Kernel Launcher. launch, Class name = Ky, completed in 391ms, has a falsy return value, Arg 1: ".jvsc74a57bd0916dbcbb3f70747c44a77c7bcd40155683ae19c65e1c03b4aa3499c5328201f1./bin/python3./bin/python3.-m#ipykernel_launcher", Arg 2: 60000, Arg 3: "~/source_code/Car_Price_Prediction.ipynb", Arg 4: "~/source_code", Arg 5: "" Error: The kernel died. Error: /bin/python3: No module named ipykernel_launcher... View Jupyter [log](command:jupyter.viewOutput) for further details.
    > Kernel Id = .jvsc74a57bd0916dbcbb3f70747c44a77c7bcd40155683ae19c65e1c03b4aa3499c5328201f1./bin/python3./bin/python3.-m#ipykernel_launcher
    > Interpreter Id = /bin/python3
    > at ChildProcess.<anonymous> (~/.vscode-server/extensions/ms-toolsai.jupyter-2023.7.1002162226-linux-x64/out/extension.node.js:24:91039)
    > stdErr = /bin/python3: No module named ipykernel_launcher
06:25:46.201 [error] Failed to connect raw kernel session: Error: The kernel died. Error: /bin/python3: No module named ipykernel_launcher... View Jupyter [log](command:jupyter.viewOutput) for further details.
06:25:46.204 [warn] Error occurred while trying to start the kernel, options.disableUI=false Error: The kernel died. Error: /bin/python3: No module named ipykernel_launcher... View Jupyter [log](command:jupyter.viewOutput) for further details.
    > Kernel Id = .jvsc74a57bd0916dbcbb3f70747c44a77c7bcd40155683ae19c65e1c03b4aa3499c5328201f1./bin/python3./bin/python3.-m#ipykernel_launcher
    > Interpreter Id = /bin/python3
    > at ChildProcess.<anonymous> (~/.vscode-server/extensions/ms-toolsai.jupyter-2023.7.1002162226-linux-x64/out/extension.node.js:24:91039)
    > stdErr = /bin/python3: No module named ipykernel_launcher
06:25:46.204 [warn] Kernel Error, context = start Error: The kernel died. Error: /bin/python3: No module named ipykernel_launcher... View Jupyter [log](command:jupyter.viewOutput) for further details.
    > Kernel Id = .jvsc74a57bd0916dbcbb3f70747c44a77c7bcd40155683ae19c65e1c03b4aa3499c5328201f1./bin/python3./bin/python3.-m#ipykernel_launcher
    > Interpreter Id = /bin/python3
    > at ChildProcess.<anonymous> (~/.vscode-server/extensions/ms-toolsai.jupyter-2023.7.1002162226-linux-x64/out/extension.node.js:24:91039)
    > stdErr = /bin/python3: No module named ipykernel_launcher
06:25:46.244 [info] Process Execution: /bin/python3 -c "import ipykernel;print('6af208d0-cb9c-427f-b937-ff563e17efdf')"
06:25:46.440 [info] Check & install missing Kernel dependencies for /bin/python3, ui.disabled=false for resource '~/source_code/Car_Price_Prediction.ipynb'
06:25:46.463 [info] Process Execution: /bin/python3 -c "import ipykernel;print('6af208d0-cb9c-427f-b937-ff563e17efdf')"
06:25:46.658 [info] Process Execution: /bin/python3 -c "import pip;print('6af208d0-cb9c-427f-b937-ff563e17efdf')"
06:25:49.446 [info] Dispose Kernel '~/source_code/Car_Price_Prediction.ipynb' associated with '~/source_code/Car_Price_Prediction.ipynb'
06:25:49.458 [error] Error in execution Error: The kernel died. Error: /bin/python3: No module named ipykernel_launcher... View Jupyter [log](command:jupyter.viewOutput) for further details.
    > Kernel Id = .jvsc74a57bd0916dbcbb3f70747c44a77c7bcd40155683ae19c65e1c03b4aa3499c5328201f1./bin/python3./bin/python3.-m#ipykernel_launcher
    > Interpreter Id = /bin/python3
    > at ChildProcess.<anonymous> (~/.vscode-server/extensions/ms-toolsai.jupyter-2023.7.1002162226-linux-x64/out/extension.node.js:24:91039)
    > stdErr = /bin/python3: No module named ipykernel_launcher
06:25:49.459 [error] Error in execution (get message for cell) Error: The kernel died. Error: /bin/python3: No module named ipykernel_launcher... View Jupyter [log](command:jupyter.viewOutput) for further details.
    > Kernel Id = .jvsc74a57bd0916dbcbb3f70747c44a77c7bcd40155683ae19c65e1c03b4aa3499c5328201f1./bin/python3./bin/python3.-m#ipykernel_launcher
    > Interpreter Id = /bin/python3
    > at ChildProcess.<anonymous> (~/.vscode-server/extensions/ms-toolsai.jupyter-2023.7.1002162226-linux-x64/out/extension.node.js:24:91039)
    > stdErr = /bin/python3: No module named ipykernel_launcher
06:25:49.507 [info] Process Execution: /bin/python3 -c "import ipykernel;print('6af208d0-cb9c-427f-b937-ff563e17efdf')"
06:25:49.898 [info] End cell 1 execution @ undefined, started @ undefined, elapsed time = 0s
06:26:01.305 [info] Handle Execution of Cells 1 for ~/source_code/Car_Price_Prediction.ipynb
06:26:01.309 [info] Starting Kernel startUsingPythonInterpreter, .jvsc74a57bd0916dbcbb3f70747c44a77c7bcd40155683ae19c65e1c03b4aa3499c5328201f1./bin/python3./bin/python3.-m#ipykernel_launcher  (Python Path: /bin/python3, Unknown, 3.11.2) for '~/source_code/Car_Price_Prediction.ipynb' (disableUI=false)
06:26:01.345 [info] Process Execution: /bin/python3 -c "import ipykernel; print(ipykernel.__version__); print("5dc3a68c-e34e-4080-9c3e-2a532b2ccb4d"); print(ipykernel.__file__)"
06:26:01.402 [info] Process Execution: /bin/python3 -m ipykernel_launcher --ip=127.0.0.1 --stdin=9019 --control=9017 --hb=9016 --Session.signature_scheme="hmac-sha256" --Session.key=b"88532dd6-d0fa-4e0c-b17c-946773cd330f" --shell=9018 --transport="tcp" --iopub=9020 --f=~/.local/share/jupyter/runtime/kernel-v2-329G1eBbK7AnogJ.json
    > cwd: ~/source_code
06:26:01.410 [warn] Stderr output when getting ipykernel version & path Traceback (most recent call last):
    File "<string>", line 1, in <module>
    ModuleNotFoundError: No module named 'ipykernel' for /bin/python3
06:26:01.470 [warn] StdErr from Kernel Process /bin/python3: No module named ipykernel_launcher
06:26:01.537 [error] Disposing kernel process due to an error Error: The kernel died. Error: /bin/python3: No module named ipykernel_launcher... View Jupyter [log](command:jupyter.viewOutput) for further details.
    > Kernel Id = .jvsc74a57bd0916dbcbb3f70747c44a77c7bcd40155683ae19c65e1c03b4aa3499c5328201f1./bin/python3./bin/python3.-m#ipykernel_launcher
    > Interpreter Id = /bin/python3
    > at ChildProcess.<anonymous> (~/.vscode-server/extensions/ms-toolsai.jupyter-2023.7.1002162226-linux-x64/out/extension.node.js:24:91039)
    > stdErr = /bin/python3: No module named ipykernel_launcher
06:26:01.537 [info] Dispose Kernel process 3612.
06:26:01.542 [error] Kernel Launcher. launch, Class name = Ky, completed in 220ms, has a falsy return value, Arg 1: ".jvsc74a57bd0916dbcbb3f70747c44a77c7bcd40155683ae19c65e1c03b4aa3499c5328201f1./bin/python3./bin/python3.-m#ipykernel_launcher", Arg 2: 60000, Arg 3: "~/source_code/Car_Price_Prediction.ipynb", Arg 4: "~/source_code", Arg 5: "" Error: The kernel died. Error: /bin/python3: No module named ipykernel_launcher... View Jupyter [log](command:jupyter.viewOutput) for further details.
    > Kernel Id = .jvsc74a57bd0916dbcbb3f70747c44a77c7bcd40155683ae19c65e1c03b4aa3499c5328201f1./bin/python3./bin/python3.-m#ipykernel_launcher
    > Interpreter Id = /bin/python3
    > at ChildProcess.<anonymous> (~/.vscode-server/extensions/ms-toolsai.jupyter-2023.7.1002162226-linux-x64/out/extension.node.js:24:91039)
    > stdErr = /bin/python3: No module named ipykernel_launcher
06:26:01.544 [error] Failed to connect raw kernel session: Error: The kernel died. Error: /bin/python3: No module named ipykernel_launcher... View Jupyter [log](command:jupyter.viewOutput) for further details.
06:26:01.546 [warn] Error occurred while trying to start the kernel, options.disableUI=false Error: The kernel died. Error: /bin/python3: No module named ipykernel_launcher... View Jupyter [log](command:jupyter.viewOutput) for further details.
    > Kernel Id = .jvsc74a57bd0916dbcbb3f70747c44a77c7bcd40155683ae19c65e1c03b4aa3499c5328201f1./bin/python3./bin/python3.-m#ipykernel_launcher
    > Interpreter Id = /bin/python3
    > at ChildProcess.<anonymous> (~/.vscode-server/extensions/ms-toolsai.jupyter-2023.7.1002162226-linux-x64/out/extension.node.js:24:91039)
    > stdErr = /bin/python3: No module named ipykernel_launcher
06:26:01.546 [warn] Kernel Error, context = start Error: The kernel died. Error: /bin/python3: No module named ipykernel_launcher... View Jupyter [log](command:jupyter.viewOutput) for further details.
    > Kernel Id = .jvsc74a57bd0916dbcbb3f70747c44a77c7bcd40155683ae19c65e1c03b4aa3499c5328201f1./bin/python3./bin/python3.-m#ipykernel_launcher
    > Interpreter Id = /bin/python3
    > at ChildProcess.<anonymous> (~/.vscode-server/extensions/ms-toolsai.jupyter-2023.7.1002162226-linux-x64/out/extension.node.js:24:91039)
    > stdErr = /bin/python3: No module named ipykernel_launcher
06:26:01.564 [info] Process Execution: /bin/python3 -c "import ipykernel;print('6af208d0-cb9c-427f-b937-ff563e17efdf')"
06:26:01.602 [info] Check & install missing Kernel dependencies for /bin/python3, ui.disabled=false for resource '~/source_code/Car_Price_Prediction.ipynb'
06:26:01.614 [info] Process Execution: /bin/python3 -c "import ipykernel;print('6af208d0-cb9c-427f-b937-ff563e17efdf')"
06:26:01.669 [info] Process Execution: /bin/python3 -c "import pip;print('6af208d0-cb9c-427f-b937-ff563e17efdf')"
06:26:06.227 [info] Dispose Kernel '~/source_code/Car_Price_Prediction.ipynb' associated with '~/source_code/Car_Price_Prediction.ipynb'
06:26:11.385 [info] Interrupt requested & no kernel.
06:26:30.329 [info] Disposing HostJupyterExecution
06:26:30.329 [info] Shutting down notebooks for 462e2723-23d3-470d-aa27-93423ae46796
06:26:30.368 [info] Dispose Kernel '~/source_code/Car_Price_Prediction.ipynb' associated with '~/source_code/Car_Price_Prediction.ipynb'
06:26:30.368 [info] Dispose Kernel '~/source_code/Car_Price_Prediction.ipynb' associated with '~/source_code/Car_Price_Prediction.ipynb'
06:26:30.368 [info] Dispose Kernel '~/source_code/Car_Price_Prediction.ipynb' associated with '~/source_code/Car_Price_Prediction.ipynb'
06:26:30.369 [info] Disposing HostJupyterExecution
