2023-08-26 20:23:05.285 [info] [Info  - 8:23:01 PM] (1008) Pylance language server 2023.8.40 (pyright 03f79a81) starting
2023-08-26 20:23:05.290 [info] [Info  - 8:23:05 PM] (1008) Server root directory: /root/.vscode-server/extensions/ms-python.vscode-pylance-2023.8.40/dist
2023-08-26 20:23:05.294 [info] [Info  - 8:23:05 PM] (1008) Starting service instance "root"
2023-08-26 20:23:05.943 [info] [Info  - 8:23:05 PM] (1008) Setting pythonPath for service "root": "/usr/local/bin/python"
2023-08-26 20:23:05.963 [info] [Warn  - 8:23:05 PM] (1008) stubPath /root/typings is not a valid directory.
2023-08-26 20:23:06.418 [info] [Info  - 8:23:06 PM] (1008) Assuming Python version 3.11
2023-08-26 20:23:16.682 [info] [Info  - 8:23:16 PM] (1008) No source files found.
2023-08-26 20:23:36.537 [info] [Info  - 8:23:36 PM] (1008) Starting service instance "root"
2023-08-26 20:23:36.699 [info] [Info  - 8:23:36 PM] (1008) Setting pythonPath for service "root": "/bin/python3"
2023-08-26 20:23:36.888 [info] [Warn  - 8:23:36 PM] (1008) stubPath /root/typings is not a valid directory.
2023-08-26 20:23:37.170 [info] [Info  - 8:23:37 PM] (1008) Assuming Python version 3.11
2023-08-26 20:23:47.709 [info] [Info  - 8:23:47 PM] (1008) No source files found.
2023-08-26 20:23:54.751 [info] [Info  - 8:23:54 PM] (1008) [FG] Long operation: parsing: /root/source_code/call_model.ipynb:pylance-notebook-cell:W0sdnNjb2RlLXJlbW90ZQ==.py (3391ms)
2023-08-26 20:24:07.760 [info] [Info  - 8:24:07 PM] (1008) [FG] Long operation: parsing: /root/.vscode-server/extensions/ms-python.vscode-pylance-2023.8.40/dist/bundled/stubs/IPython-stubs/display.pyi (12982ms)
2023-08-26 20:24:20.879 [info] [Info  - 8:24:20 PM] (1008) [FG] Long operation: parsing: /root/.vscode-server/extensions/ms-python.vscode-pylance-2023.8.40/dist/typeshed-fallback/stdlib/builtins.pyi (13125ms)
2023-08-26 20:24:24.460 [info] [Info  - 8:24:24 PM] (1008) [BG(2)] Long operation: parsing: /root/source_code/call_model.ipynb:pylance-notebook-cell:W0sdnNjb2RlLXJlbW90ZQ==.py (32511ms)
2023-08-26 20:24:35.019 [info] [Info  - 8:24:35 PM] (1008) [BG(2)] Long operation: parsing: /root/.vscode-server/extensions/ms-python.vscode-pylance-2023.8.40/dist/bundled/stubs/matplotlib/pyplot.pyi (5875ms)
2023-08-26 20:24:37.347 [info] [Info  - 8:24:37 PM] (1008) [BG(2)] Long operation: binding: /root/.vscode-server/extensions/ms-python.vscode-pylance-2023.8.40/dist/bundled/stubs/matplotlib/pyplot.pyi (2283ms)
2023-08-26 20:24:39.532 [info] [Info  - 8:24:39 PM] (1008) [BG(2)] Long operation: getSemanticTokens full at /root/source_code/call_model.ipynb:pylance-notebook-cell:W0sdnNjb2RlLXJlbW90ZQ==.py (47584ms)
2023-08-26 20:25:06.937 [info] [Info  - 8:25:06 PM] (1008) [IDX(3)] Long operation: scan packages /root (45890ms)
2023-08-26 20:26:29.119 [info] [Info  - 8:26:29 PM] (1008) [BG(2)] Long operation: checking: /root/source_code/Car_Price_Prediction.ipynb:pylance-notebook-cell:Y252sdnNjb2RlLXJlbW90ZQ==.py (5032ms)
2023-08-26 20:26:29.120 [info] [Info  - 8:26:29 PM] (1008) [BG(2)] Long operation: analyzing: /root/source_code/Car_Price_Prediction.ipynb:pylance-notebook-cell:Y252sdnNjb2RlLXJlbW90ZQ==.py (5033ms)
2023-08-26 20:26:33.920 [info] [Info  - 8:26:33 PM] (1008) [BG(2)] Long operation: parsing: /root/.vscode-server/extensions/ms-python.vscode-pylance-2023.8.40/dist/bundled/stubs/sklearn/utils/__init__.pyi (3204ms)
2023-08-26 20:26:33.962 [info] [Info  - 8:26:33 PM] (1008) [BG(2)] Long operation: checking: /root/source_code/Car_Price_Prediction.ipynb:pylance-notebook-cell:Y250sdnNjb2RlLXJlbW90ZQ==.py (4843ms)
2023-08-26 20:26:33.963 [info] [Info  - 8:26:33 PM] (1008) [BG(2)] Long operation: analyzing: /root/source_code/Car_Price_Prediction.ipynb:pylance-notebook-cell:Y250sdnNjb2RlLXJlbW90ZQ==.py (4843ms)
2023-08-26 20:26:38.899 [info] [Info  - 8:26:38 PM] (1008) [BG(2)] Long operation: parsing: /root/.vscode-server/extensions/ms-python.vscode-pylance-2023.8.40/dist/bundled/stubs/sklearn/metrics/__init__.pyi (3263ms)
2023-08-26 20:26:39.010 [info] [Info  - 8:26:39 PM] (1008) [BG(2)] Long operation: checking: /root/source_code/Car_Price_Prediction.ipynb:pylance-notebook-cell:Y231sdnNjb2RlLXJlbW90ZQ==.py (3375ms)
2023-08-26 20:26:39.011 [info] [Info  - 8:26:39 PM] (1008) [BG(2)] Long operation: analyzing: /root/source_code/Car_Price_Prediction.ipynb:pylance-notebook-cell:Y231sdnNjb2RlLXJlbW90ZQ==.py (3375ms)
2023-08-26 20:26:41.727 [info] [Info  - 8:26:41 PM] (1008) [BG(2)] Long operation: analyzing: /root/source_code/Car_Price_Prediction.ipynb:pylance-notebook-cell:pylancePrefixCell.py (18473ms)
2023-08-26 20:27:35.413 [info] [Info  - 8:27:35 PM] (1008) Starting service instance "root"
2023-08-26 20:27:35.458 [info] [Info  - 8:27:35 PM] (1008) Setting pythonPath for service "root": "/bin/python3"
2023-08-26 20:27:35.460 [info] [Warn  - 8:27:35 PM] (1008) stubPath /root/typings is not a valid directory.
2023-08-26 20:27:35.512 [info] [Info  - 8:27:35 PM] (1008) Assuming Python version 3.11
2023-08-26 20:27:38.592 [info] [Info  - 8:27:38 PM] (1008) No source files found.
2023-08-26 20:29:35.438 [info] [Info  - 8:29:35 PM] (1008) [BG(4)] Long operation: parsing: /root/source_code/Car_Price_Prediction.ipynb:pylance-notebook-cell:Y254sdnNjb2RlLXJlbW90ZQ==.py (2692ms)
2023-08-26 20:29:36.424 [info] [Info  - 8:29:36 PM] (1008) [BG(4)] Long operation: analyzing: /root/source_code/Car_Price_Prediction.ipynb:pylance-notebook-cell:Y254sdnNjb2RlLXJlbW90ZQ==.py (3684ms)
2023-08-26 20:29:37.790 [info] [Info  - 8:29:37 PM] (1008) [IDX(5)] Long operation: scan packages /root (4645ms)
2023-08-26 20:31:01.493 [info] [Info  - 8:31:01 PM] (1008) [BG(1)] Long operation: parsing: /root/source_code/Car_Price_Prediction.ipynb:pylance-notebook-cell:Y254sdnNjb2RlLXJlbW90ZQ==.py (4424ms)
2023-08-26 20:31:04.256 [info] [Info  - 8:31:04 PM] (1008) [BG(1)] Long operation: analyzing: /root/source_code/Car_Price_Prediction.ipynb:pylance-notebook-cell:Y254sdnNjb2RlLXJlbW90ZQ==.py (7187ms)
2023-08-26 20:31:06.055 [info] [Info  - 8:31:06 PM] (1008) [IDX(6)] Long operation: scan packages /root (7617ms)
2023-08-26 20:31:12.040 [info] [Info  - 8:31:12 PM] (1008) [IDX(6)] Long operation: index packages /root (2233ms)
2023-08-26 20:33:30.924 [info] Error: Debug Failure. False expression: Chained file path undefined doesn't match cellFilePaths /root/source_code/Car_Price_Prediction.ipynb:pylance-notebook-cell:Y253sdnNjb2RlLXJlbW90ZQ==.py
    at _0x4ba240 (/root/.vscode-server/extensions/ms-python.vscode-pylance-2023.8.40/dist/server.bundle.js:1:900729)
    at /root/.vscode-server/extensions/ms-python.vscode-pylance-2023.8.40/dist/server.bundle.js:1:907846
    at _0x2599f4.<computed> (/root/.vscode-server/extensions/ms-python.vscode-pylance-2023.8.40/dist/server.bundle.js:1:907878)
    at _0x872478._onDidChangeNotebookDocumentAsync (/root/.vscode-server/extensions/ms-python.vscode-pylance-2023.8.40/dist/server.bundle.js:1:886358)

2023-08-26 21:12:26.298 [info] [Info  - 9:12:26 PM] (1008) Starting service instance "root"
2023-08-26 21:12:26.379 [info] [Info  - 9:12:26 PM] (1008) Setting pythonPath for service "root": "/bin/python3"
2023-08-26 21:12:26.412 [info] [Warn  - 9:12:26 PM] (1008) stubPath /root/typings is not a valid directory.
2023-08-26 21:12:26.495 [info] [Info  - 9:12:26 PM] (1008) Assuming Python version 3.11
2023-08-26 21:12:29.000 [info] [Info  - 9:12:29 PM] (1008) No source files found.
2023-08-26 22:19:02.102 [info] [Info  - 10:19:02 PM] (1008) [FG] Long operation: parsing: /root/.vscode-server/extensions/ms-python.vscode-pylance-2023.8.40/dist/typeshed-fallback/stdlib/builtins.pyi (2692ms)
2023-08-26 22:19:07.639 [info] [Info  - 10:19:07 PM] (1008) [BG(1)] Long operation: parsing: /root/source_code/Car_Price_Prediction.ipynb:pylance-notebook-cell:Y254sdnNjb2RlLXJlbW90ZQ==.py (2026ms)
2023-08-26 22:19:10.099 [info] [Info  - 10:19:10 PM] (1008) [BG(1)] Long operation: analyzing: /root/source_code/Car_Price_Prediction.ipynb:pylance-notebook-cell:Y254sdnNjb2RlLXJlbW90ZQ==.py (4497ms)
2023-08-26 22:19:31.288 [info] [Info  - 10:19:31 PM] (1008) [IDX(8)] Long operation: scan packages /root (25804ms)
2023-08-26 22:19:36.913 [info] [Info  - 10:19:36 PM] (1008) [IDX(8)] Long operation: parsing: /usr/local/lib/python3.11/site-packages/blinker/__init__.py (3086ms)
2023-08-26 22:19:37.156 [info] [Info  - 10:19:37 PM] (1008) [IDX(8)] Long operation: indexing: /usr/local/lib/python3.11/site-packages/blinker/__init__.py (3330ms)
2023-08-26 22:19:37.809 [info] [Info  - 10:19:37 PM] (1008) [IDX(8)] Long operation: index execution environment /root (4018ms)
2023-08-26 22:19:38.000 [info] [Info  - 10:19:38 PM] (1008) [IDX(8)] Long operation: index packages /root (5172ms)
2023-08-26 22:28:39.235 [info] [Info  - 10:28:39 PM] (1008) Starting service instance "root"
2023-08-26 22:28:39.296 [info] [Warn  - 10:28:39 PM] (1008) stubPath /root/typings is not a valid directory.
2023-08-26 22:28:42.877 [info] [Info  - 10:28:42 PM] (1008) No source files found.
2023-08-26 22:28:47.548 [info] [Info  - 10:28:47 PM] (1008) [BG(9)] Long operation: parsing: /root/source_code/app/app.ipynb:pylance-notebook-cell:W0sdnNjb2RlLXJlbW90ZQ==.py (3443ms)
2023-08-26 22:28:48.444 [info] [Info  - 10:28:48 PM] (1008) [BG(9)] Long operation: getSemanticTokens full at /root/source_code/app/app.ipynb:pylance-notebook-cell:W0sdnNjb2RlLXJlbW90ZQ==.py (4340ms)
2023-08-26 22:32:54.458 [info] Error: Debug Failure. False expression: Chained file path undefined doesn't match cellFilePaths /root/source_code/call_model.ipynb:pylance-notebook-cell:W2sdnNjb2RlLXJlbW90ZQ==.py
    at _0x4ba240 (/root/.vscode-server/extensions/ms-python.vscode-pylance-2023.8.40/dist/server.bundle.js:1:900729)
    at /root/.vscode-server/extensions/ms-python.vscode-pylance-2023.8.40/dist/server.bundle.js:1:907846
    at _0x2599f4.<computed> (/root/.vscode-server/extensions/ms-python.vscode-pylance-2023.8.40/dist/server.bundle.js:1:907878)
    at _0x872478._onDidChangeNotebookDocumentAsync (/root/.vscode-server/extensions/ms-python.vscode-pylance-2023.8.40/dist/server.bundle.js:1:886358)

2023-08-26 22:32:58.378 [info] [Info  - 10:32:58 PM] (1008) [BG(7)] Long operation: parsing: /root/source_code/call_model.ipynb:pylance-notebook-cell:W3sdnNjb2RlLXJlbW90ZQ==.py (3685ms)
2023-08-26 22:32:59.305 [info] [Info  - 10:32:59 PM] (1008) [BG(7)] Long operation: analyzing: /root/source_code/call_model.ipynb:pylance-notebook-cell:W3sdnNjb2RlLXJlbW90ZQ==.py (4619ms)
2023-08-26 22:35:11.459 [info] [Info  - 10:35:11 PM] (1008) [FG] Long operation: parsing: /usr/local/lib/python3.11/site-packages/flask/globals.py (10682ms)
2023-08-26 22:39:02.326 [info] [Info  - 10:39:02 PM] (1008) Starting service instance "root"
2023-08-26 22:39:02.356 [info] [Warn  - 10:39:02 PM] (1008) stubPath /root/typings is not a valid directory.
2023-08-26 22:39:06.198 [info] [Info  - 10:39:06 PM] (1008) No source files found.
2023-08-26 22:39:10.518 [info] [Info  - 10:39:10 PM] (1008) [BG(10)] Long operation: parsing: /root/source_code/app.ipynb:pylance-notebook-cell:W0sdnNjb2RlLXJlbW90ZQ==.py (3273ms)
2023-08-26 22:39:12.538 [info] [Info  - 10:39:12 PM] (1008) [BG(10)] Long operation: getSemanticTokens full at /root/source_code/app.ipynb:pylance-notebook-cell:W0sdnNjb2RlLXJlbW90ZQ==.py (5294ms)
2023-08-26 22:56:55.983 [info] [Info  - 10:56:55 PM] (1008) [BG(1)] Long operation: checking: /root/source_code/app.ipynb:pylance-notebook-cell:W0sdnNjb2RlLXJlbW90ZQ==.py (3297ms)
2023-08-26 22:56:55.989 [info] [Info  - 10:56:55 PM] (1008) [BG(1)] Long operation: analyzing: /root/source_code/app.ipynb:pylance-notebook-cell:W0sdnNjb2RlLXJlbW90ZQ==.py (3423ms)
2023-08-26 22:56:55.990 [info] [Info  - 10:56:55 PM] (1008) [BG(1)] Long operation: analyzing: /root/source_code/app.ipynb:pylance-notebook-cell:pylancePrefixCell.py (3424ms)
2023-08-26 23:00:55.961 [info] [Info  - 11:00:55 PM] (1008) [FG] Long operation: parsing: /root/source_code/app.ipynb:pylance-notebook-cell:W0sdnNjb2RlLXJlbW90ZQ==.py (2670ms)
2023-08-26 23:02:51.808 [info] [Info  - 11:02:51 PM] (1008) Starting service instance "root"
2023-08-26 23:02:51.830 [info] [Warn  - 11:02:51 PM] (1008) stubPath /root/typings is not a valid directory.
2023-08-26 23:02:55.773 [info] [Info  - 11:02:55 PM] (1008) No source files found.
2023-08-26 23:03:03.655 [info] [Info  - 11:03:03 PM] (1008) [FG] Long operation: parsing: /root/source_code/test.ipynb:pylance-notebook-cell:W0sdnNjb2RlLXJlbW90ZQ==.py (7393ms)
2023-08-26 23:03:06.878 [info] [Info  - 11:03:06 PM] (1008) [FG] Long operation: parsing: /root/.vscode-server/extensions/ms-python.vscode-pylance-2023.8.40/dist/typeshed-fallback/stdlib/builtins.pyi (2601ms)
2023-08-26 23:03:07.491 [info] [Info  - 11:03:07 PM] (1008) [BG(11)] Long operation: parsing: /root/source_code/test.ipynb:pylance-notebook-cell:W0sdnNjb2RlLXJlbW90ZQ==.py (9744ms)
2023-08-26 23:03:08.144 [info] [Info  - 11:03:08 PM] (1008) [BG(11)] Long operation: getSemanticTokens full at /root/source_code/test.ipynb:pylance-notebook-cell:W0sdnNjb2RlLXJlbW90ZQ==.py (10977ms)
