Visual Studio Code (1.81.1, attached-container, desktop)
Jupyter Extension Version: 2023.7.1002162226.
Python Extension Version: 2023.14.0.
Platform: linux (x64).
Workspace folder /root, Home = /root
12:56:49.376 [info] User belongs to experiment group 'FastKernelPicker'
12:56:49.377 [info] User belongs to experiment group 'NewRemoteUriStorage'
12:56:49.377 [info] User belongs to experiment group 'PasswordManager'
12:56:49.377 [info] User belongs to experiment group 'NewJupyterSession'
12:56:51.557 [info] Start refreshing Kernel Picker (1693141011557)
12:56:51.575 [info] Using Pylance
12:56:56.411 [info] Starting Kernel startUsingPythonInterpreter, .jvsc74a57bd0949777d72b0d2535278d3dc13498b2535136f6dfe0678499012e853ee9abcab1./usr/local/python./usr/local/python.-m#ipykernel_launcher  (Python Path: /usr/local/bin/python, Unknown, 3.11.4) for '~/source_code/Car_Price_Prediction.ipynb' (disableUI=true)
12:56:57.185 [info] End refreshing Kernel Picker (1693141011557)
12:56:58.995 [warn] Failed to get activated env vars for /usr/local/bin/python in 2978ms
12:56:59.014 [warn] Failed to get activated env vars for /usr/local/bin/python in 2267ms
12:56:59.122 [info] Process Execution: /usr/local/bin/python -c "import site;print("USER_BASE_VALUE");print(site.USER_BASE);print("USER_BASE_VALUE");"
12:56:59.609 [info] Process Execution: /usr/local/bin/python -m pip list
12:56:59.661 [info] Process Execution: /usr/local/bin/python -c "import ipykernel; print(ipykernel.__version__); print("5dc3a68c-e34e-4080-9c3e-2a532b2ccb4d"); print(ipykernel.__file__)"
12:56:59.717 [info] Process Execution: /usr/local/bin/python -m ipykernel_launcher --ip=127.0.0.1 --stdin=9003 --control=9001 --hb=9000 --Session.signature_scheme="hmac-sha256" --Session.key=b"5bf9652b-b516-4494-ab26-d22a6bb56bee" --shell=9002 --transport="tcp" --iopub=9004 --f=~/.local/share/jupyter/runtime/kernel-v2-3483kkc1UEYFq65.json
    > cwd: ~/source_code
12:57:28.134 [info] ipykernel version & path 6.25.1, /usr/local/lib/python3.11/site-packages/ipykernel/__init__.py for /usr/local/bin/python
12:57:31.335 [warn] StdErr from Kernel Process 0.00s - Debugger warning: It seems that frozen modules are being used, which may
0.00s - make the debugger miss breakpoints. Please pass -Xfrozen_modules=off
0.00s - to python to disable frozen modules.
0.00s - Note: Debugging will proceed. Set PYDEVD_DISABLE_FILE_VALIDATION=1 to disable this validation.
12:57:32.528 [info] Started Kernel Python 3.11.4 (pid: 697)
12:57:32.528 [info] Started new session c556bcdb-eb71-4bfd-b705-13edeeab24c0
13:16:06.479 [info] Start refreshing Interpreter Kernel Picker
13:16:06.483 [info] Start refreshing Kernel Picker (1693142166483)
13:16:06.823 [warn] Failed to get activated env vars for /usr/local/bin/python in 276ms
13:16:06.848 [info] Process Execution: /usr/local/bin/python ~/.vscode-server/extensions/ms-toolsai.jupyter-2023.7.1002162226-linux-x64/pythonFiles/printJupyterDataDir.py
13:16:09.311 [info] End refreshing Kernel Picker (1693142166483)
13:25:35.629 [info] Disposing HostJupyterExecution
13:25:35.630 [info] Shutting down notebooks for c1d2f163-1245-4428-9d8a-bb011c166092
13:25:35.638 [info] Dispose Kernel '~/source_code/Car_Price_Prediction.ipynb' associated with '~/source_code/Car_Price_Prediction.ipynb'
13:25:35.650 [info] Dispose Kernel process 697.
13:25:35.684 [info] Disposing HostJupyterExecution
